{"/Users/rajikakeminda/Documents/SLIIT/Y3/Healthcare/backend/middleware/auth.js": {"path":"/Users/rajikakeminda/Documents/SLIIT/Y3/Healthcare/backend/middleware/auth.js","statementMap":{"0":{"start":{"line":1,"column":12},"end":{"line":1,"column":35}},"1":{"start":{"line":2,"column":13},"end":{"line":2,"column":38}},"2":{"start":{"line":5,"column":22},"end":{"line":9,"column":1}},"3":{"start":{"line":6,"column":2},"end":{"line":8,"column":5}},"4":{"start":{"line":12,"column":20},"end":{"line":61,"column":1}},"5":{"start":{"line":13,"column":2},"end":{"line":60,"column":3}},"6":{"start":{"line":14,"column":18},"end":{"line":15,"column":36}},"7":{"start":{"line":17,"column":4},"end":{"line":22,"column":5}},"8":{"start":{"line":18,"column":6},"end":{"line":21,"column":9}},"9":{"start":{"line":24,"column":20},"end":{"line":24,"column":82}},"10":{"start":{"line":25,"column":17},"end":{"line":25,"column":72}},"11":{"start":{"line":27,"column":4},"end":{"line":32,"column":5}},"12":{"start":{"line":28,"column":6},"end":{"line":31,"column":9}},"13":{"start":{"line":34,"column":4},"end":{"line":39,"column":5}},"14":{"start":{"line":35,"column":6},"end":{"line":38,"column":9}},"15":{"start":{"line":41,"column":4},"end":{"line":41,"column":20}},"16":{"start":{"line":42,"column":4},"end":{"line":42,"column":11}},"17":{"start":{"line":44,"column":4},"end":{"line":49,"column":5}},"18":{"start":{"line":45,"column":6},"end":{"line":48,"column":9}},"19":{"start":{"line":50,"column":4},"end":{"line":55,"column":5}},"20":{"start":{"line":51,"column":6},"end":{"line":54,"column":9}},"21":{"start":{"line":56,"column":4},"end":{"line":59,"column":7}},"22":{"start":{"line":64,"column":18},"end":{"line":82,"column":1}},"23":{"start":{"line":65,"column":2},"end":{"line":81,"column":4}},"24":{"start":{"line":66,"column":4},"end":{"line":71,"column":5}},"25":{"start":{"line":67,"column":6},"end":{"line":70,"column":9}},"26":{"start":{"line":73,"column":4},"end":{"line":78,"column":5}},"27":{"start":{"line":74,"column":6},"end":{"line":77,"column":9}},"28":{"start":{"line":80,"column":4},"end":{"line":80,"column":11}},"29":{"start":{"line":85,"column":26},"end":{"line":117,"column":1}},"30":{"start":{"line":86,"column":2},"end":{"line":116,"column":4}},"31":{"start":{"line":87,"column":4},"end":{"line":92,"column":5}},"32":{"start":{"line":88,"column":6},"end":{"line":91,"column":9}},"33":{"start":{"line":95,"column":4},"end":{"line":97,"column":5}},"34":{"start":{"line":96,"column":6},"end":{"line":96,"column":20}},"35":{"start":{"line":100,"column":4},"end":{"line":102,"column":5}},"36":{"start":{"line":101,"column":6},"end":{"line":101,"column":20}},"37":{"start":{"line":105,"column":4},"end":{"line":113,"column":5}},"38":{"start":{"line":106,"column":25},"end":{"line":106,"column":77}},"39":{"start":{"line":107,"column":6},"end":{"line":112,"column":7}},"40":{"start":{"line":108,"column":8},"end":{"line":111,"column":11}},"41":{"start":{"line":115,"column":4},"end":{"line":115,"column":11}},"42":{"start":{"line":119,"column":0},"end":{"line":124,"column":2}}},"fnMap":{"0":{"name":"(anonymous_0)","decl":{"start":{"line":5,"column":22},"end":{"line":5,"column":23}},"loc":{"start":{"line":5,"column":34},"end":{"line":9,"column":1}},"line":5},"1":{"name":"(anonymous_1)","decl":{"start":{"line":12,"column":20},"end":{"line":12,"column":21}},"loc":{"start":{"line":12,"column":46},"end":{"line":61,"column":1}},"line":12},"2":{"name":"(anonymous_2)","decl":{"start":{"line":64,"column":18},"end":{"line":64,"column":19}},"loc":{"start":{"line":64,"column":32},"end":{"line":82,"column":1}},"line":64},"3":{"name":"(anonymous_3)","decl":{"start":{"line":65,"column":9},"end":{"line":65,"column":10}},"loc":{"start":{"line":65,"column":29},"end":{"line":81,"column":3}},"line":65},"4":{"name":"(anonymous_4)","decl":{"start":{"line":85,"column":26},"end":{"line":85,"column":27}},"loc":{"start":{"line":85,"column":59},"end":{"line":117,"column":1}},"line":85},"5":{"name":"(anonymous_5)","decl":{"start":{"line":86,"column":9},"end":{"line":86,"column":10}},"loc":{"start":{"line":86,"column":29},"end":{"line":116,"column":3}},"line":86}},"branchMap":{"0":{"loc":{"start":{"line":6,"column":30},"end":{"line":6,"column":73}},"type":"binary-expr","locations":[{"start":{"line":6,"column":30},"end":{"line":6,"column":52}},{"start":{"line":6,"column":56},"end":{"line":6,"column":73}}],"line":6},"1":{"loc":{"start":{"line":7,"column":15},"end":{"line":7,"column":49}},"type":"binary-expr","locations":[{"start":{"line":7,"column":15},"end":{"line":7,"column":41}},{"start":{"line":7,"column":45},"end":{"line":7,"column":49}}],"line":7},"2":{"loc":{"start":{"line":14,"column":18},"end":{"line":15,"column":36}},"type":"binary-expr","locations":[{"start":{"line":14,"column":18},"end":{"line":14,"column":69}},{"start":{"line":15,"column":18},"end":{"line":15,"column":36}}],"line":14},"3":{"loc":{"start":{"line":17,"column":4},"end":{"line":22,"column":5}},"type":"if","locations":[{"start":{"line":17,"column":4},"end":{"line":22,"column":5}},{"start":{},"end":{}}],"line":17},"4":{"loc":{"start":{"line":24,"column":38},"end":{"line":24,"column":81}},"type":"binary-expr","locations":[{"start":{"line":24,"column":38},"end":{"line":24,"column":60}},{"start":{"line":24,"column":64},"end":{"line":24,"column":81}}],"line":24},"5":{"loc":{"start":{"line":27,"column":4},"end":{"line":32,"column":5}},"type":"if","locations":[{"start":{"line":27,"column":4},"end":{"line":32,"column":5}},{"start":{},"end":{}}],"line":27},"6":{"loc":{"start":{"line":34,"column":4},"end":{"line":39,"column":5}},"type":"if","locations":[{"start":{"line":34,"column":4},"end":{"line":39,"column":5}},{"start":{},"end":{}}],"line":34},"7":{"loc":{"start":{"line":44,"column":4},"end":{"line":49,"column":5}},"type":"if","locations":[{"start":{"line":44,"column":4},"end":{"line":49,"column":5}},{"start":{},"end":{}}],"line":44},"8":{"loc":{"start":{"line":50,"column":4},"end":{"line":55,"column":5}},"type":"if","locations":[{"start":{"line":50,"column":4},"end":{"line":55,"column":5}},{"start":{},"end":{}}],"line":50},"9":{"loc":{"start":{"line":66,"column":4},"end":{"line":71,"column":5}},"type":"if","locations":[{"start":{"line":66,"column":4},"end":{"line":71,"column":5}},{"start":{},"end":{}}],"line":66},"10":{"loc":{"start":{"line":73,"column":4},"end":{"line":78,"column":5}},"type":"if","locations":[{"start":{"line":73,"column":4},"end":{"line":78,"column":5}},{"start":{},"end":{}}],"line":73},"11":{"loc":{"start":{"line":85,"column":27},"end":{"line":85,"column":54}},"type":"default-arg","locations":[{"start":{"line":85,"column":43},"end":{"line":85,"column":54}}],"line":85},"12":{"loc":{"start":{"line":87,"column":4},"end":{"line":92,"column":5}},"type":"if","locations":[{"start":{"line":87,"column":4},"end":{"line":92,"column":5}},{"start":{},"end":{}}],"line":87},"13":{"loc":{"start":{"line":95,"column":4},"end":{"line":97,"column":5}},"type":"if","locations":[{"start":{"line":95,"column":4},"end":{"line":97,"column":5}},{"start":{},"end":{}}],"line":95},"14":{"loc":{"start":{"line":100,"column":4},"end":{"line":102,"column":5}},"type":"if","locations":[{"start":{"line":100,"column":4},"end":{"line":102,"column":5}},{"start":{},"end":{}}],"line":100},"15":{"loc":{"start":{"line":105,"column":4},"end":{"line":113,"column":5}},"type":"if","locations":[{"start":{"line":105,"column":4},"end":{"line":113,"column":5}},{"start":{},"end":{}}],"line":105},"16":{"loc":{"start":{"line":106,"column":25},"end":{"line":106,"column":77}},"type":"binary-expr","locations":[{"start":{"line":106,"column":25},"end":{"line":106,"column":50}},{"start":{"line":106,"column":54},"end":{"line":106,"column":77}}],"line":106},"17":{"loc":{"start":{"line":107,"column":6},"end":{"line":112,"column":7}},"type":"if","locations":[{"start":{"line":107,"column":6},"end":{"line":112,"column":7}},{"start":{},"end":{}}],"line":107},"18":{"loc":{"start":{"line":107,"column":10},"end":{"line":107,"column":73}},"type":"binary-expr","locations":[{"start":{"line":107,"column":10},"end":{"line":107,"column":20}},{"start":{"line":107,"column":24},"end":{"line":107,"column":73}}],"line":107}},"s":{"0":0,"1":0,"2":0,"3":0,"4":0,"5":0,"6":0,"7":0,"8":0,"9":0,"10":0,"11":0,"12":0,"13":0,"14":0,"15":0,"16":0,"17":0,"18":0,"19":0,"20":0,"21":0,"22":0,"23":0,"24":0,"25":0,"26":0,"27":0,"28":0,"29":0,"30":0,"31":0,"32":0,"33":0,"34":0,"35":0,"36":0,"37":0,"38":0,"39":0,"40":0,"41":0,"42":0},"f":{"0":0,"1":0,"2":0,"3":0,"4":0,"5":0},"b":{"0":[0,0],"1":[0,0],"2":[0,0],"3":[0,0],"4":[0,0],"5":[0,0],"6":[0,0],"7":[0,0],"8":[0,0],"9":[0,0],"10":[0,0],"11":[0],"12":[0,0],"13":[0,0],"14":[0,0],"15":[0,0],"16":[0,0],"17":[0,0],"18":[0,0]}}
,"/Users/rajikakeminda/Documents/SLIIT/Y3/Healthcare/backend/models/Appointment.js": {"path":"/Users/rajikakeminda/Documents/SLIIT/Y3/Healthcare/backend/models/Appointment.js","statementMap":{"0":{"start":{"line":1,"column":17},"end":{"line":1,"column":36}},"1":{"start":{"line":3,"column":26},"end":{"line":106,"column":2}},"2":{"start":{"line":109,"column":0},"end":{"line":115,"column":3}},"3":{"start":{"line":110,"column":2},"end":{"line":113,"column":3}},"4":{"start":{"line":111,"column":18},"end":{"line":111,"column":57}},"5":{"start":{"line":112,"column":4},"end":{"line":112,"column":68}},"6":{"start":{"line":114,"column":2},"end":{"line":114,"column":9}},"7":{"start":{"line":118,"column":0},"end":{"line":121,"column":3}},"8":{"start":{"line":119,"column":2},"end":{"line":119,"column":30}},"9":{"start":{"line":120,"column":2},"end":{"line":120,"column":9}},"10":{"start":{"line":124,"column":0},"end":{"line":124,"column":51}},"11":{"start":{"line":125,"column":0},"end":{"line":125,"column":50}},"12":{"start":{"line":126,"column":0},"end":{"line":126,"column":52}},"13":{"start":{"line":127,"column":0},"end":{"line":127,"column":48}},"14":{"start":{"line":130,"column":0},"end":{"line":132,"column":3}},"15":{"start":{"line":131,"column":2},"end":{"line":131,"column":42}},"16":{"start":{"line":135,"column":0},"end":{"line":139,"column":3}},"17":{"start":{"line":136,"column":16},"end":{"line":136,"column":26}},"18":{"start":{"line":137,"column":26},"end":{"line":137,"column":45}},"19":{"start":{"line":138,"column":2},"end":{"line":138,"column":65}},"20":{"start":{"line":141,"column":0},"end":{"line":141,"column":66}}},"fnMap":{"0":{"name":"(anonymous_0)","decl":{"start":{"line":109,"column":30},"end":{"line":109,"column":31}},"loc":{"start":{"line":109,"column":51},"end":{"line":115,"column":1}},"line":109},"1":{"name":"(anonymous_1)","decl":{"start":{"line":118,"column":30},"end":{"line":118,"column":31}},"loc":{"start":{"line":118,"column":45},"end":{"line":121,"column":1}},"line":118},"2":{"name":"(anonymous_2)","decl":{"start":{"line":130,"column":40},"end":{"line":130,"column":41}},"loc":{"start":{"line":130,"column":51},"end":{"line":132,"column":1}},"line":130},"3":{"name":"(anonymous_3)","decl":{"start":{"line":135,"column":41},"end":{"line":135,"column":42}},"loc":{"start":{"line":135,"column":52},"end":{"line":139,"column":1}},"line":135}},"branchMap":{"0":{"loc":{"start":{"line":110,"column":2},"end":{"line":113,"column":3}},"type":"if","locations":[{"start":{"line":110,"column":2},"end":{"line":113,"column":3}},{"start":{},"end":{}}],"line":110}},"s":{"0":1,"1":1,"2":1,"3":26,"4":0,"5":0,"6":26,"7":1,"8":26,"9":26,"10":1,"11":1,"12":1,"13":1,"14":1,"15":0,"16":1,"17":0,"18":0,"19":0,"20":1},"f":{"0":26,"1":26,"2":0,"3":0},"b":{"0":[0,26]},"_coverageSchema":"1a1c01bbd47fc00a2c39e90264f33305004495a9","hash":"209b07247dd7936e7a27605c80583d57dc93b8ce"}
,"/Users/rajikakeminda/Documents/SLIIT/Y3/Healthcare/backend/models/HealthcareProfessional.js": {"path":"/Users/rajikakeminda/Documents/SLIIT/Y3/Healthcare/backend/models/HealthcareProfessional.js","statementMap":{"0":{"start":{"line":1,"column":17},"end":{"line":1,"column":36}},"1":{"start":{"line":2,"column":13},"end":{"line":2,"column":30}},"2":{"start":{"line":4,"column":37},"end":{"line":82,"column":2}},"3":{"start":{"line":85,"column":0},"end":{"line":91,"column":3}},"4":{"start":{"line":86,"column":2},"end":{"line":89,"column":3}},"5":{"start":{"line":87,"column":18},"end":{"line":87,"column":57}},"6":{"start":{"line":88,"column":4},"end":{"line":88,"column":69}},"7":{"start":{"line":90,"column":2},"end":{"line":90,"column":9}},"8":{"start":{"line":93,"column":0},"end":{"line":93,"column":93}}},"fnMap":{"0":{"name":"(anonymous_0)","decl":{"start":{"line":85,"column":41},"end":{"line":85,"column":42}},"loc":{"start":{"line":85,"column":62},"end":{"line":91,"column":1}},"line":85}},"branchMap":{"0":{"loc":{"start":{"line":86,"column":2},"end":{"line":89,"column":3}},"type":"if","locations":[{"start":{"line":86,"column":2},"end":{"line":89,"column":3}},{"start":{},"end":{}}],"line":86}},"s":{"0":1,"1":1,"2":1,"3":1,"4":26,"5":0,"6":0,"7":26,"8":1},"f":{"0":26},"b":{"0":[0,26]},"_coverageSchema":"1a1c01bbd47fc00a2c39e90264f33305004495a9","hash":"07d0feffebfe8b985dcc8ee5299596ba23565320"}
,"/Users/rajikakeminda/Documents/SLIIT/Y3/Healthcare/backend/models/Hospital.js": {"path":"/Users/rajikakeminda/Documents/SLIIT/Y3/Healthcare/backend/models/Hospital.js","statementMap":{"0":{"start":{"line":1,"column":17},"end":{"line":1,"column":36}},"1":{"start":{"line":3,"column":23},"end":{"line":115,"column":2}},"2":{"start":{"line":118,"column":0},"end":{"line":124,"column":3}},"3":{"start":{"line":119,"column":2},"end":{"line":122,"column":3}},"4":{"start":{"line":120,"column":18},"end":{"line":120,"column":57}},"5":{"start":{"line":121,"column":4},"end":{"line":121,"column":66}},"6":{"start":{"line":123,"column":2},"end":{"line":123,"column":9}},"7":{"start":{"line":127,"column":0},"end":{"line":130,"column":3}},"8":{"start":{"line":128,"column":2},"end":{"line":128,"column":30}},"9":{"start":{"line":129,"column":2},"end":{"line":129,"column":9}},"10":{"start":{"line":132,"column":0},"end":{"line":132,"column":60}}},"fnMap":{"0":{"name":"(anonymous_0)","decl":{"start":{"line":118,"column":27},"end":{"line":118,"column":28}},"loc":{"start":{"line":118,"column":48},"end":{"line":124,"column":1}},"line":118},"1":{"name":"(anonymous_1)","decl":{"start":{"line":127,"column":27},"end":{"line":127,"column":28}},"loc":{"start":{"line":127,"column":42},"end":{"line":130,"column":1}},"line":127}},"branchMap":{"0":{"loc":{"start":{"line":119,"column":2},"end":{"line":122,"column":3}},"type":"if","locations":[{"start":{"line":119,"column":2},"end":{"line":122,"column":3}},{"start":{},"end":{}}],"line":119}},"s":{"0":1,"1":1,"2":1,"3":26,"4":0,"5":0,"6":26,"7":1,"8":26,"9":26,"10":1},"f":{"0":26,"1":26},"b":{"0":[0,26]},"_coverageSchema":"1a1c01bbd47fc00a2c39e90264f33305004495a9","hash":"37c1180f29d88e9053196cce524ca6071a8b57ec"}
,"/Users/rajikakeminda/Documents/SLIIT/Y3/Healthcare/backend/models/HospitalStaff.js": {"path":"/Users/rajikakeminda/Documents/SLIIT/Y3/Healthcare/backend/models/HospitalStaff.js","statementMap":{"0":{"start":{"line":1,"column":17},"end":{"line":1,"column":36}},"1":{"start":{"line":2,"column":13},"end":{"line":2,"column":30}},"2":{"start":{"line":4,"column":28},"end":{"line":70,"column":2}},"3":{"start":{"line":73,"column":0},"end":{"line":79,"column":3}},"4":{"start":{"line":74,"column":2},"end":{"line":77,"column":3}},"5":{"start":{"line":75,"column":18},"end":{"line":75,"column":57}},"6":{"start":{"line":76,"column":4},"end":{"line":76,"column":64}},"7":{"start":{"line":78,"column":2},"end":{"line":78,"column":9}},"8":{"start":{"line":81,"column":0},"end":{"line":81,"column":75}}},"fnMap":{"0":{"name":"(anonymous_0)","decl":{"start":{"line":73,"column":32},"end":{"line":73,"column":33}},"loc":{"start":{"line":73,"column":53},"end":{"line":79,"column":1}},"line":73}},"branchMap":{"0":{"loc":{"start":{"line":74,"column":2},"end":{"line":77,"column":3}},"type":"if","locations":[{"start":{"line":74,"column":2},"end":{"line":77,"column":3}},{"start":{},"end":{}}],"line":74}},"s":{"0":1,"1":1,"2":1,"3":1,"4":1,"5":0,"6":0,"7":1,"8":1},"f":{"0":1},"b":{"0":[0,1]},"_coverageSchema":"1a1c01bbd47fc00a2c39e90264f33305004495a9","hash":"fafb6e06558172674271b001822818111226393b"}
,"/Users/rajikakeminda/Documents/SLIIT/Y3/Healthcare/backend/models/MedicalRecord.js": {"path":"/Users/rajikakeminda/Documents/SLIIT/Y3/Healthcare/backend/models/MedicalRecord.js","statementMap":{"0":{"start":{"line":1,"column":17},"end":{"line":1,"column":36}},"1":{"start":{"line":3,"column":28},"end":{"line":172,"column":2}},"2":{"start":{"line":175,"column":0},"end":{"line":181,"column":3}},"3":{"start":{"line":176,"column":2},"end":{"line":179,"column":3}},"4":{"start":{"line":177,"column":18},"end":{"line":177,"column":70}},"5":{"start":{"line":178,"column":4},"end":{"line":178,"column":62}},"6":{"start":{"line":180,"column":2},"end":{"line":180,"column":9}},"7":{"start":{"line":184,"column":0},"end":{"line":187,"column":3}},"8":{"start":{"line":185,"column":2},"end":{"line":185,"column":30}},"9":{"start":{"line":186,"column":2},"end":{"line":186,"column":9}},"10":{"start":{"line":190,"column":0},"end":{"line":190,"column":59}},"11":{"start":{"line":191,"column":0},"end":{"line":191,"column":58}},"12":{"start":{"line":192,"column":0},"end":{"line":192,"column":60}},"13":{"start":{"line":195,"column":0},"end":{"line":198,"column":3}},"14":{"start":{"line":197,"column":2},"end":{"line":197,"column":14}},"15":{"start":{"line":200,"column":0},"end":{"line":200,"column":70}}},"fnMap":{"0":{"name":"(anonymous_0)","decl":{"start":{"line":175,"column":32},"end":{"line":175,"column":33}},"loc":{"start":{"line":175,"column":53},"end":{"line":181,"column":1}},"line":175},"1":{"name":"(anonymous_1)","decl":{"start":{"line":184,"column":32},"end":{"line":184,"column":33}},"loc":{"start":{"line":184,"column":47},"end":{"line":187,"column":1}},"line":184},"2":{"name":"(anonymous_2)","decl":{"start":{"line":195,"column":53},"end":{"line":195,"column":54}},"loc":{"start":{"line":195,"column":64},"end":{"line":198,"column":1}},"line":195}},"branchMap":{"0":{"loc":{"start":{"line":176,"column":2},"end":{"line":179,"column":3}},"type":"if","locations":[{"start":{"line":176,"column":2},"end":{"line":179,"column":3}},{"start":{},"end":{}}],"line":176}},"s":{"0":1,"1":1,"2":1,"3":0,"4":0,"5":0,"6":0,"7":1,"8":0,"9":0,"10":1,"11":1,"12":1,"13":1,"14":0,"15":1},"f":{"0":0,"1":0,"2":0},"b":{"0":[0,0]},"_coverageSchema":"1a1c01bbd47fc00a2c39e90264f33305004495a9","hash":"7f8dd909e7ea12933343c22c02f455db3c698506"}
,"/Users/rajikakeminda/Documents/SLIIT/Y3/Healthcare/backend/models/Patient.js": {"path":"/Users/rajikakeminda/Documents/SLIIT/Y3/Healthcare/backend/models/Patient.js","statementMap":{"0":{"start":{"line":1,"column":17},"end":{"line":1,"column":36}},"1":{"start":{"line":2,"column":13},"end":{"line":2,"column":30}},"2":{"start":{"line":4,"column":22},"end":{"line":60,"column":2}},"3":{"start":{"line":63,"column":0},"end":{"line":69,"column":3}},"4":{"start":{"line":64,"column":2},"end":{"line":67,"column":3}},"5":{"start":{"line":65,"column":18},"end":{"line":65,"column":57}},"6":{"start":{"line":66,"column":4},"end":{"line":66,"column":64}},"7":{"start":{"line":68,"column":2},"end":{"line":68,"column":9}},"8":{"start":{"line":71,"column":0},"end":{"line":71,"column":62}}},"fnMap":{"0":{"name":"(anonymous_0)","decl":{"start":{"line":63,"column":26},"end":{"line":63,"column":27}},"loc":{"start":{"line":63,"column":47},"end":{"line":69,"column":1}},"line":63}},"branchMap":{"0":{"loc":{"start":{"line":64,"column":2},"end":{"line":67,"column":3}},"type":"if","locations":[{"start":{"line":64,"column":2},"end":{"line":67,"column":3}},{"start":{},"end":{}}],"line":64}},"s":{"0":1,"1":1,"2":1,"3":1,"4":26,"5":0,"6":0,"7":26,"8":1},"f":{"0":26},"b":{"0":[0,26]},"_coverageSchema":"1a1c01bbd47fc00a2c39e90264f33305004495a9","hash":"aede6e02e7a1efe8ef01f293f18dc3514a9040e4"}
,"/Users/rajikakeminda/Documents/SLIIT/Y3/Healthcare/backend/models/Payment.js": {"path":"/Users/rajikakeminda/Documents/SLIIT/Y3/Healthcare/backend/models/Payment.js","statementMap":{"0":{"start":{"line":1,"column":17},"end":{"line":1,"column":36}},"1":{"start":{"line":3,"column":22},"end":{"line":110,"column":2}},"2":{"start":{"line":113,"column":0},"end":{"line":119,"column":3}},"3":{"start":{"line":114,"column":2},"end":{"line":117,"column":3}},"4":{"start":{"line":115,"column":18},"end":{"line":115,"column":57}},"5":{"start":{"line":116,"column":4},"end":{"line":116,"column":64}},"6":{"start":{"line":118,"column":2},"end":{"line":118,"column":9}},"7":{"start":{"line":122,"column":0},"end":{"line":129,"column":3}},"8":{"start":{"line":123,"column":2},"end":{"line":127,"column":3}},"9":{"start":{"line":124,"column":22},"end":{"line":124,"column":32}},"10":{"start":{"line":125,"column":19},"end":{"line":125,"column":79}},"11":{"start":{"line":126,"column":4},"end":{"line":126,"column":59}},"12":{"start":{"line":128,"column":2},"end":{"line":128,"column":9}},"13":{"start":{"line":132,"column":0},"end":{"line":135,"column":3}},"14":{"start":{"line":133,"column":2},"end":{"line":133,"column":30}},"15":{"start":{"line":134,"column":2},"end":{"line":134,"column":9}},"16":{"start":{"line":138,"column":0},"end":{"line":138,"column":53}},"17":{"start":{"line":139,"column":0},"end":{"line":139,"column":42}},"18":{"start":{"line":140,"column":0},"end":{"line":140,"column":54}},"19":{"start":{"line":141,"column":0},"end":{"line":141,"column":50}},"20":{"start":{"line":142,"column":0},"end":{"line":142,"column":49}},"21":{"start":{"line":145,"column":0},"end":{"line":147,"column":3}},"22":{"start":{"line":146,"column":2},"end":{"line":146,"column":75}},"23":{"start":{"line":150,"column":0},"end":{"line":152,"column":3}},"24":{"start":{"line":151,"column":2},"end":{"line":151,"column":58}},"25":{"start":{"line":155,"column":0},"end":{"line":165,"column":2}},"26":{"start":{"line":156,"column":19},"end":{"line":158,"column":7}},"27":{"start":{"line":157,"column":4},"end":{"line":157,"column":56}},"28":{"start":{"line":160,"column":2},"end":{"line":160,"column":42}},"29":{"start":{"line":161,"column":2},"end":{"line":161,"column":96}},"30":{"start":{"line":162,"column":2},"end":{"line":162,"column":42}},"31":{"start":{"line":164,"column":2},"end":{"line":164,"column":35}},"32":{"start":{"line":167,"column":0},"end":{"line":167,"column":58}}},"fnMap":{"0":{"name":"(anonymous_0)","decl":{"start":{"line":113,"column":26},"end":{"line":113,"column":27}},"loc":{"start":{"line":113,"column":47},"end":{"line":119,"column":1}},"line":113},"1":{"name":"(anonymous_1)","decl":{"start":{"line":122,"column":26},"end":{"line":122,"column":27}},"loc":{"start":{"line":122,"column":47},"end":{"line":129,"column":1}},"line":122},"2":{"name":"(anonymous_2)","decl":{"start":{"line":132,"column":26},"end":{"line":132,"column":27}},"loc":{"start":{"line":132,"column":41},"end":{"line":135,"column":1}},"line":132},"3":{"name":"(anonymous_3)","decl":{"start":{"line":145,"column":40},"end":{"line":145,"column":41}},"loc":{"start":{"line":145,"column":51},"end":{"line":147,"column":1}},"line":145},"4":{"name":"(anonymous_4)","decl":{"start":{"line":150,"column":39},"end":{"line":150,"column":40}},"loc":{"start":{"line":150,"column":50},"end":{"line":152,"column":1}},"line":150},"5":{"name":"(anonymous_5)","decl":{"start":{"line":155,"column":39},"end":{"line":155,"column":40}},"loc":{"start":{"line":155,"column":50},"end":{"line":165,"column":1}},"line":155},"6":{"name":"(anonymous_6)","decl":{"start":{"line":156,"column":55},"end":{"line":156,"column":56}},"loc":{"start":{"line":156,"column":73},"end":{"line":158,"column":3}},"line":156}},"branchMap":{"0":{"loc":{"start":{"line":114,"column":2},"end":{"line":117,"column":3}},"type":"if","locations":[{"start":{"line":114,"column":2},"end":{"line":117,"column":3}},{"start":{},"end":{}}],"line":114},"1":{"loc":{"start":{"line":123,"column":2},"end":{"line":127,"column":3}},"type":"if","locations":[{"start":{"line":123,"column":2},"end":{"line":127,"column":3}},{"start":{},"end":{}}],"line":123},"2":{"loc":{"start":{"line":123,"column":6},"end":{"line":123,"column":58}},"type":"binary-expr","locations":[{"start":{"line":123,"column":6},"end":{"line":123,"column":32}},{"start":{"line":123,"column":36},"end":{"line":123,"column":58}}],"line":123},"3":{"loc":{"start":{"line":151,"column":9},"end":{"line":151,"column":57}},"type":"binary-expr","locations":[{"start":{"line":151,"column":9},"end":{"line":151,"column":34}},{"start":{"line":151,"column":38},"end":{"line":151,"column":57}}],"line":151}},"s":{"0":1,"1":1,"2":1,"3":22,"4":0,"5":0,"6":22,"7":1,"8":22,"9":0,"10":0,"11":0,"12":22,"13":1,"14":22,"15":22,"16":1,"17":1,"18":1,"19":1,"20":1,"21":1,"22":0,"23":1,"24":0,"25":1,"26":0,"27":0,"28":0,"29":0,"30":0,"31":0,"32":1},"f":{"0":22,"1":22,"2":22,"3":0,"4":0,"5":0,"6":0},"b":{"0":[0,22],"1":[0,22],"2":[22,0],"3":[0,0]},"_coverageSchema":"1a1c01bbd47fc00a2c39e90264f33305004495a9","hash":"07db8e8915c8caa2cfa9482c7fe5c107d33a6574"}
,"/Users/rajikakeminda/Documents/SLIIT/Y3/Healthcare/backend/models/User.js": {"path":"/Users/rajikakeminda/Documents/SLIIT/Y3/Healthcare/backend/models/User.js","statementMap":{"0":{"start":{"line":1,"column":17},"end":{"line":1,"column":36}},"1":{"start":{"line":2,"column":15},"end":{"line":2,"column":34}},"2":{"start":{"line":4,"column":19},"end":{"line":64,"column":2}},"3":{"start":{"line":67,"column":0},"end":{"line":77,"column":3}},"4":{"start":{"line":68,"column":2},"end":{"line":68,"column":50}},"5":{"start":{"line":68,"column":36},"end":{"line":68,"column":50}},"6":{"start":{"line":70,"column":2},"end":{"line":76,"column":3}},"7":{"start":{"line":71,"column":17},"end":{"line":71,"column":41}},"8":{"start":{"line":72,"column":4},"end":{"line":72,"column":59}},"9":{"start":{"line":73,"column":4},"end":{"line":73,"column":11}},"10":{"start":{"line":75,"column":4},"end":{"line":75,"column":16}},"11":{"start":{"line":80,"column":0},"end":{"line":83,"column":3}},"12":{"start":{"line":81,"column":2},"end":{"line":81,"column":30}},"13":{"start":{"line":82,"column":2},"end":{"line":82,"column":9}},"14":{"start":{"line":86,"column":0},"end":{"line":88,"column":2}},"15":{"start":{"line":87,"column":2},"end":{"line":87,"column":64}},"16":{"start":{"line":91,"column":0},"end":{"line":95,"column":2}},"17":{"start":{"line":92,"column":21},"end":{"line":92,"column":36}},"18":{"start":{"line":93,"column":2},"end":{"line":93,"column":29}},"19":{"start":{"line":94,"column":2},"end":{"line":94,"column":20}},"20":{"start":{"line":97,"column":0},"end":{"line":97,"column":52}}},"fnMap":{"0":{"name":"(anonymous_0)","decl":{"start":{"line":67,"column":23},"end":{"line":67,"column":24}},"loc":{"start":{"line":67,"column":44},"end":{"line":77,"column":1}},"line":67},"1":{"name":"(anonymous_1)","decl":{"start":{"line":80,"column":23},"end":{"line":80,"column":24}},"loc":{"start":{"line":80,"column":38},"end":{"line":83,"column":1}},"line":80},"2":{"name":"(anonymous_2)","decl":{"start":{"line":86,"column":37},"end":{"line":86,"column":38}},"loc":{"start":{"line":86,"column":71},"end":{"line":88,"column":1}},"line":86},"3":{"name":"(anonymous_3)","decl":{"start":{"line":91,"column":28},"end":{"line":91,"column":29}},"loc":{"start":{"line":91,"column":39},"end":{"line":95,"column":1}},"line":91}},"branchMap":{"0":{"loc":{"start":{"line":68,"column":2},"end":{"line":68,"column":50}},"type":"if","locations":[{"start":{"line":68,"column":2},"end":{"line":68,"column":50}},{"start":{},"end":{}}],"line":68}},"s":{"0":1,"1":1,"2":1,"3":1,"4":53,"5":0,"6":53,"7":53,"8":53,"9":53,"10":0,"11":1,"12":53,"13":53,"14":1,"15":0,"16":1,"17":0,"18":0,"19":0,"20":1},"f":{"0":53,"1":53,"2":0,"3":0},"b":{"0":[0,53]},"_coverageSchema":"1a1c01bbd47fc00a2c39e90264f33305004495a9","hash":"864f8b5b1a1ad34e38b865ff15a45bca63151574"}
,"/Users/rajikakeminda/Documents/SLIIT/Y3/Healthcare/backend/routes/analytics.js": {"path":"/Users/rajikakeminda/Documents/SLIIT/Y3/Healthcare/backend/routes/analytics.js","statementMap":{"0":{"start":{"line":1,"column":16},"end":{"line":1,"column":34}},"1":{"start":{"line":2,"column":36},"end":{"line":2,"column":64}},"2":{"start":{"line":3,"column":20},"end":{"line":3,"column":52}},"3":{"start":{"line":4,"column":16},"end":{"line":4,"column":44}},"4":{"start":{"line":5,"column":22},"end":{"line":5,"column":56}},"5":{"start":{"line":6,"column":13},"end":{"line":6,"column":38}},"6":{"start":{"line":7,"column":17},"end":{"line":7,"column":46}},"7":{"start":{"line":8,"column":35},"end":{"line":8,"column":64}},"8":{"start":{"line":10,"column":15},"end":{"line":10,"column":31}},"9":{"start":{"line":13,"column":0},"end":{"line":102,"column":3}},"10":{"start":{"line":14,"column":2},"end":{"line":101,"column":3}},"11":{"start":{"line":15,"column":45},"end":{"line":15,"column":54}},"12":{"start":{"line":18,"column":20},"end":{"line":18,"column":58}},"13":{"start":{"line":19,"column":22},"end":{"line":19,"column":101}},"14":{"start":{"line":22,"column":17},"end":{"line":22,"column":19}},"15":{"start":{"line":23,"column":4},"end":{"line":23,"column":51}},"16":{"start":{"line":23,"column":20},"end":{"line":23,"column":51}},"17":{"start":{"line":26,"column":26},"end":{"line":26,"column":72}},"18":{"start":{"line":27,"column":33},"end":{"line":30,"column":6}},"19":{"start":{"line":33,"column":30},"end":{"line":33,"column":85}},"20":{"start":{"line":34,"column":30},"end":{"line":34,"column":81}},"21":{"start":{"line":35,"column":34},"end":{"line":35,"column":113}},"22":{"start":{"line":36,"column":34},"end":{"line":36,"column":113}},"23":{"start":{"line":37,"column":31},"end":{"line":37,"column":108}},"24":{"start":{"line":40,"column":26},"end":{"line":40,"column":86}},"25":{"start":{"line":41,"column":25},"end":{"line":44,"column":6}},"26":{"start":{"line":45,"column":26},"end":{"line":45,"column":97}},"27":{"start":{"line":46,"column":28},"end":{"line":46,"column":97}},"28":{"start":{"line":49,"column":25},"end":{"line":49,"column":87}},"29":{"start":{"line":50,"column":26},"end":{"line":50,"column":104}},"30":{"start":{"line":53,"column":22},"end":{"line":53,"column":49}},"31":{"start":{"line":54,"column":22},"end":{"line":54,"column":95}},"32":{"start":{"line":54,"column":58},"end":{"line":54,"column":91}},"33":{"start":{"line":55,"column":25},"end":{"line":55,"column":101}},"34":{"start":{"line":55,"column":61},"end":{"line":55,"column":97}},"35":{"start":{"line":58,"column":38},"end":{"line":58,"column":115}},"36":{"start":{"line":59,"column":23},"end":{"line":59,"column":97}},"37":{"start":{"line":60,"column":29},"end":{"line":60,"column":81}},"38":{"start":{"line":61,"column":41},"end":{"line":61,"column":126}},"39":{"start":{"line":63,"column":4},"end":{"line":92,"column":7}},"40":{"start":{"line":95,"column":4},"end":{"line":95,"column":55}},"41":{"start":{"line":96,"column":4},"end":{"line":100,"column":7}},"42":{"start":{"line":105,"column":0},"end":{"line":235,"column":3}},"43":{"start":{"line":111,"column":2},"end":{"line":234,"column":3}},"44":{"start":{"line":112,"column":19},"end":{"line":112,"column":40}},"45":{"start":{"line":113,"column":4},"end":{"line":119,"column":5}},"46":{"start":{"line":114,"column":6},"end":{"line":118,"column":9}},"47":{"start":{"line":121,"column":62},"end":{"line":121,"column":71}},"48":{"start":{"line":124,"column":20},"end":{"line":124,"column":58}},"49":{"start":{"line":125,"column":22},"end":{"line":125,"column":101}},"50":{"start":{"line":128,"column":17},"end":{"line":128,"column":61}},"51":{"start":{"line":129,"column":4},"end":{"line":129,"column":51}},"52":{"start":{"line":129,"column":20},"end":{"line":129,"column":51}},"53":{"start":{"line":133,"column":4},"end":{"line":143,"column":5}},"54":{"start":{"line":135,"column":8},"end":{"line":135,"column":33}},"55":{"start":{"line":136,"column":8},"end":{"line":136,"column":14}},"56":{"start":{"line":138,"column":8},"end":{"line":138,"column":30}},"57":{"start":{"line":139,"column":8},"end":{"line":139,"column":14}},"58":{"start":{"line":141,"column":8},"end":{"line":141,"column":30}},"59":{"start":{"line":142,"column":8},"end":{"line":142,"column":14}},"60":{"start":{"line":146,"column":30},"end":{"line":160,"column":6}},"61":{"start":{"line":163,"column":33},"end":{"line":171,"column":6}},"62":{"start":{"line":174,"column":31},"end":{"line":182,"column":6}},"63":{"start":{"line":185,"column":23},"end":{"line":213,"column":6}},"64":{"start":{"line":215,"column":4},"end":{"line":225,"column":7}},"65":{"start":{"line":228,"column":4},"end":{"line":228,"column":57}},"66":{"start":{"line":229,"column":4},"end":{"line":233,"column":7}},"67":{"start":{"line":238,"column":0},"end":{"line":375,"column":3}},"68":{"start":{"line":244,"column":2},"end":{"line":374,"column":3}},"69":{"start":{"line":245,"column":19},"end":{"line":245,"column":40}},"70":{"start":{"line":246,"column":4},"end":{"line":252,"column":5}},"71":{"start":{"line":247,"column":6},"end":{"line":251,"column":9}},"72":{"start":{"line":254,"column":62},"end":{"line":254,"column":71}},"73":{"start":{"line":257,"column":20},"end":{"line":257,"column":58}},"74":{"start":{"line":258,"column":22},"end":{"line":258,"column":101}},"75":{"start":{"line":261,"column":17},"end":{"line":261,"column":87}},"76":{"start":{"line":262,"column":4},"end":{"line":262,"column":51}},"77":{"start":{"line":262,"column":20},"end":{"line":262,"column":51}},"78":{"start":{"line":266,"column":4},"end":{"line":276,"column":5}},"79":{"start":{"line":268,"column":8},"end":{"line":268,"column":33}},"80":{"start":{"line":269,"column":8},"end":{"line":269,"column":14}},"81":{"start":{"line":271,"column":8},"end":{"line":271,"column":30}},"82":{"start":{"line":272,"column":8},"end":{"line":272,"column":14}},"83":{"start":{"line":274,"column":8},"end":{"line":274,"column":30}},"84":{"start":{"line":275,"column":8},"end":{"line":275,"column":14}},"85":{"start":{"line":279,"column":26},"end":{"line":291,"column":6}},"86":{"start":{"line":294,"column":28},"end":{"line":303,"column":6}},"87":{"start":{"line":306,"column":30},"end":{"line":331,"column":6}},"88":{"start":{"line":334,"column":33},"end":{"line":343,"column":6}},"89":{"start":{"line":346,"column":25},"end":{"line":346,"column":88}},"90":{"start":{"line":346,"column":61},"end":{"line":346,"column":84}},"91":{"start":{"line":347,"column":30},"end":{"line":347,"column":97}},"92":{"start":{"line":347,"column":66},"end":{"line":347,"column":93}},"93":{"start":{"line":348,"column":36},"end":{"line":348,"column":96}},"94":{"start":{"line":350,"column":4},"end":{"line":365,"column":7}},"95":{"start":{"line":368,"column":4},"end":{"line":368,"column":55}},"96":{"start":{"line":369,"column":4},"end":{"line":373,"column":7}},"97":{"start":{"line":378,"column":0},"end":{"line":506,"column":3}},"98":{"start":{"line":382,"column":2},"end":{"line":505,"column":3}},"99":{"start":{"line":383,"column":19},"end":{"line":383,"column":40}},"100":{"start":{"line":384,"column":4},"end":{"line":390,"column":5}},"101":{"start":{"line":385,"column":6},"end":{"line":389,"column":9}},"102":{"start":{"line":392,"column":33},"end":{"line":392,"column":42}},"103":{"start":{"line":395,"column":20},"end":{"line":395,"column":58}},"104":{"start":{"line":396,"column":22},"end":{"line":396,"column":101}},"105":{"start":{"line":399,"column":31},"end":{"line":415,"column":6}},"106":{"start":{"line":418,"column":28},"end":{"line":442,"column":6}},"107":{"start":{"line":445,"column":28},"end":{"line":475,"column":6}},"108":{"start":{"line":478,"column":26},"end":{"line":478,"column":72}},"109":{"start":{"line":479,"column":34},"end":{"line":482,"column":6}},"110":{"start":{"line":484,"column":4},"end":{"line":496,"column":7}},"111":{"start":{"line":499,"column":4},"end":{"line":499,"column":53}},"112":{"start":{"line":500,"column":4},"end":{"line":504,"column":7}},"113":{"start":{"line":509,"column":0},"end":{"line":579,"column":3}},"114":{"start":{"line":515,"column":2},"end":{"line":578,"column":3}},"115":{"start":{"line":516,"column":19},"end":{"line":516,"column":40}},"116":{"start":{"line":517,"column":4},"end":{"line":523,"column":5}},"117":{"start":{"line":518,"column":6},"end":{"line":522,"column":9}},"118":{"start":{"line":525,"column":47},"end":{"line":525,"column":56}},"119":{"start":{"line":528,"column":20},"end":{"line":528,"column":58}},"120":{"start":{"line":529,"column":22},"end":{"line":529,"column":101}},"121":{"start":{"line":534,"column":4},"end":{"line":554,"column":5}},"122":{"start":{"line":536,"column":8},"end":{"line":538,"column":99}},"123":{"start":{"line":539,"column":8},"end":{"line":539,"column":117}},"124":{"start":{"line":540,"column":8},"end":{"line":540,"column":14}},"125":{"start":{"line":542,"column":8},"end":{"line":544,"column":82}},"126":{"start":{"line":545,"column":8},"end":{"line":545,"column":114}},"127":{"start":{"line":546,"column":8},"end":{"line":546,"column":14}},"128":{"start":{"line":548,"column":8},"end":{"line":551,"column":11}},"129":{"start":{"line":552,"column":8},"end":{"line":552,"column":113}},"130":{"start":{"line":553,"column":8},"end":{"line":553,"column":14}},"131":{"start":{"line":556,"column":4},"end":{"line":569,"column":5}},"132":{"start":{"line":557,"column":6},"end":{"line":557,"column":56}},"133":{"start":{"line":558,"column":6},"end":{"line":558,"column":86}},"134":{"start":{"line":559,"column":6},"end":{"line":559,"column":21}},"135":{"start":{"line":560,"column":11},"end":{"line":569,"column":5}},"136":{"start":{"line":562,"column":22},"end":{"line":564,"column":19}},"137":{"start":{"line":563,"column":8},"end":{"line":563,"column":56}},"138":{"start":{"line":566,"column":6},"end":{"line":566,"column":48}},"139":{"start":{"line":567,"column":6},"end":{"line":567,"column":85}},"140":{"start":{"line":568,"column":6},"end":{"line":568,"column":24}},"141":{"start":{"line":572,"column":4},"end":{"line":572,"column":52}},"142":{"start":{"line":573,"column":4},"end":{"line":577,"column":7}},"143":{"start":{"line":581,"column":0},"end":{"line":581,"column":24}}},"fnMap":{"0":{"name":"(anonymous_0)","decl":{"start":{"line":13,"column":89},"end":{"line":13,"column":90}},"loc":{"start":{"line":13,"column":109},"end":{"line":102,"column":1}},"line":13},"1":{"name":"(anonymous_1)","decl":{"start":{"line":54,"column":39},"end":{"line":54,"column":40}},"loc":{"start":{"line":54,"column":58},"end":{"line":54,"column":91}},"line":54},"2":{"name":"(anonymous_2)","decl":{"start":{"line":55,"column":42},"end":{"line":55,"column":43}},"loc":{"start":{"line":55,"column":61},"end":{"line":55,"column":97}},"line":55},"3":{"name":"(anonymous_3)","decl":{"start":{"line":110,"column":3},"end":{"line":110,"column":4}},"loc":{"start":{"line":110,"column":23},"end":{"line":235,"column":1}},"line":110},"4":{"name":"(anonymous_4)","decl":{"start":{"line":243,"column":3},"end":{"line":243,"column":4}},"loc":{"start":{"line":243,"column":23},"end":{"line":375,"column":1}},"line":243},"5":{"name":"(anonymous_5)","decl":{"start":{"line":346,"column":46},"end":{"line":346,"column":47}},"loc":{"start":{"line":346,"column":61},"end":{"line":346,"column":84}},"line":346},"6":{"name":"(anonymous_6)","decl":{"start":{"line":347,"column":51},"end":{"line":347,"column":52}},"loc":{"start":{"line":347,"column":66},"end":{"line":347,"column":93}},"line":347},"7":{"name":"(anonymous_7)","decl":{"start":{"line":381,"column":3},"end":{"line":381,"column":4}},"loc":{"start":{"line":381,"column":23},"end":{"line":506,"column":1}},"line":381},"8":{"name":"(anonymous_8)","decl":{"start":{"line":514,"column":3},"end":{"line":514,"column":4}},"loc":{"start":{"line":514,"column":23},"end":{"line":579,"column":1}},"line":514},"9":{"name":"(anonymous_9)","decl":{"start":{"line":562,"column":31},"end":{"line":562,"column":32}},"loc":{"start":{"line":562,"column":39},"end":{"line":564,"column":7}},"line":562}},"branchMap":{"0":{"loc":{"start":{"line":18,"column":20},"end":{"line":18,"column":58}},"type":"cond-expr","locations":[{"start":{"line":18,"column":29},"end":{"line":18,"column":45}},{"start":{"line":18,"column":48},"end":{"line":18,"column":58}}],"line":18},"1":{"loc":{"start":{"line":19,"column":22},"end":{"line":19,"column":101}},"type":"cond-expr","locations":[{"start":{"line":19,"column":33},"end":{"line":19,"column":51}},{"start":{"line":19,"column":54},"end":{"line":19,"column":101}}],"line":19},"2":{"loc":{"start":{"line":23,"column":4},"end":{"line":23,"column":51}},"type":"if","locations":[{"start":{"line":23,"column":4},"end":{"line":23,"column":51}},{"start":{},"end":{}}],"line":23},"3":{"loc":{"start":{"line":58,"column":38},"end":{"line":58,"column":115}},"type":"cond-expr","locations":[{"start":{"line":58,"column":62},"end":{"line":58,"column":111}},{"start":{"line":58,"column":114},"end":{"line":58,"column":115}}],"line":58},"4":{"loc":{"start":{"line":59,"column":23},"end":{"line":59,"column":97}},"type":"cond-expr","locations":[{"start":{"line":59,"column":47},"end":{"line":59,"column":93}},{"start":{"line":59,"column":96},"end":{"line":59,"column":97}}],"line":59},"5":{"loc":{"start":{"line":60,"column":29},"end":{"line":60,"column":81}},"type":"cond-expr","locations":[{"start":{"line":60,"column":45},"end":{"line":60,"column":77}},{"start":{"line":60,"column":80},"end":{"line":60,"column":81}}],"line":60},"6":{"loc":{"start":{"line":61,"column":41},"end":{"line":61,"column":126}},"type":"cond-expr","locations":[{"start":{"line":61,"column":69},"end":{"line":61,"column":122}},{"start":{"line":61,"column":125},"end":{"line":61,"column":126}}],"line":61},"7":{"loc":{"start":{"line":61,"column":70},"end":{"line":61,"column":97}},"type":"binary-expr","locations":[{"start":{"line":61,"column":70},"end":{"line":61,"column":92}},{"start":{"line":61,"column":96},"end":{"line":61,"column":97}}],"line":61},"8":{"loc":{"start":{"line":73,"column":24},"end":{"line":73,"column":51}},"type":"binary-expr","locations":[{"start":{"line":73,"column":24},"end":{"line":73,"column":46}},{"start":{"line":73,"column":50},"end":{"line":73,"column":51}}],"line":73},"9":{"loc":{"start":{"line":99,"column":13},"end":{"line":99,"column":79}},"type":"cond-expr","locations":[{"start":{"line":99,"column":54},"end":{"line":99,"column":67}},{"start":{"line":99,"column":70},"end":{"line":99,"column":79}}],"line":99},"10":{"loc":{"start":{"line":113,"column":4},"end":{"line":119,"column":5}},"type":"if","locations":[{"start":{"line":113,"column":4},"end":{"line":119,"column":5}},{"start":{},"end":{}}],"line":113},"11":{"loc":{"start":{"line":121,"column":42},"end":{"line":121,"column":57}},"type":"default-arg","locations":[{"start":{"line":121,"column":52},"end":{"line":121,"column":57}}],"line":121},"12":{"loc":{"start":{"line":124,"column":20},"end":{"line":124,"column":58}},"type":"cond-expr","locations":[{"start":{"line":124,"column":29},"end":{"line":124,"column":45}},{"start":{"line":124,"column":48},"end":{"line":124,"column":58}}],"line":124},"13":{"loc":{"start":{"line":125,"column":22},"end":{"line":125,"column":101}},"type":"cond-expr","locations":[{"start":{"line":125,"column":33},"end":{"line":125,"column":51}},{"start":{"line":125,"column":54},"end":{"line":125,"column":101}}],"line":125},"14":{"loc":{"start":{"line":129,"column":4},"end":{"line":129,"column":51}},"type":"if","locations":[{"start":{"line":129,"column":4},"end":{"line":129,"column":51}},{"start":{},"end":{}}],"line":129},"15":{"loc":{"start":{"line":133,"column":4},"end":{"line":143,"column":5}},"type":"switch","locations":[{"start":{"line":134,"column":6},"end":{"line":136,"column":14}},{"start":{"line":137,"column":6},"end":{"line":139,"column":14}},{"start":{"line":140,"column":6},"end":{"line":142,"column":14}}],"line":133},"16":{"loc":{"start":{"line":232,"column":13},"end":{"line":232,"column":79}},"type":"cond-expr","locations":[{"start":{"line":232,"column":54},"end":{"line":232,"column":67}},{"start":{"line":232,"column":70},"end":{"line":232,"column":79}}],"line":232},"17":{"loc":{"start":{"line":246,"column":4},"end":{"line":252,"column":5}},"type":"if","locations":[{"start":{"line":246,"column":4},"end":{"line":252,"column":5}},{"start":{},"end":{}}],"line":246},"18":{"loc":{"start":{"line":254,"column":42},"end":{"line":254,"column":57}},"type":"default-arg","locations":[{"start":{"line":254,"column":52},"end":{"line":254,"column":57}}],"line":254},"19":{"loc":{"start":{"line":257,"column":20},"end":{"line":257,"column":58}},"type":"cond-expr","locations":[{"start":{"line":257,"column":29},"end":{"line":257,"column":45}},{"start":{"line":257,"column":48},"end":{"line":257,"column":58}}],"line":257},"20":{"loc":{"start":{"line":258,"column":22},"end":{"line":258,"column":101}},"type":"cond-expr","locations":[{"start":{"line":258,"column":33},"end":{"line":258,"column":51}},{"start":{"line":258,"column":54},"end":{"line":258,"column":101}}],"line":258},"21":{"loc":{"start":{"line":262,"column":4},"end":{"line":262,"column":51}},"type":"if","locations":[{"start":{"line":262,"column":4},"end":{"line":262,"column":51}},{"start":{},"end":{}}],"line":262},"22":{"loc":{"start":{"line":266,"column":4},"end":{"line":276,"column":5}},"type":"switch","locations":[{"start":{"line":267,"column":6},"end":{"line":269,"column":14}},{"start":{"line":270,"column":6},"end":{"line":272,"column":14}},{"start":{"line":273,"column":6},"end":{"line":275,"column":14}}],"line":266},"23":{"loc":{"start":{"line":348,"column":36},"end":{"line":348,"column":96}},"type":"cond-expr","locations":[{"start":{"line":348,"column":60},"end":{"line":348,"column":92}},{"start":{"line":348,"column":95},"end":{"line":348,"column":96}}],"line":348},"24":{"loc":{"start":{"line":372,"column":13},"end":{"line":372,"column":79}},"type":"cond-expr","locations":[{"start":{"line":372,"column":54},"end":{"line":372,"column":67}},{"start":{"line":372,"column":70},"end":{"line":372,"column":79}}],"line":372},"25":{"loc":{"start":{"line":384,"column":4},"end":{"line":390,"column":5}},"type":"if","locations":[{"start":{"line":384,"column":4},"end":{"line":390,"column":5}},{"start":{},"end":{}}],"line":384},"26":{"loc":{"start":{"line":395,"column":20},"end":{"line":395,"column":58}},"type":"cond-expr","locations":[{"start":{"line":395,"column":29},"end":{"line":395,"column":45}},{"start":{"line":395,"column":48},"end":{"line":395,"column":58}}],"line":395},"27":{"loc":{"start":{"line":396,"column":22},"end":{"line":396,"column":101}},"type":"cond-expr","locations":[{"start":{"line":396,"column":33},"end":{"line":396,"column":51}},{"start":{"line":396,"column":54},"end":{"line":396,"column":101}}],"line":396},"28":{"loc":{"start":{"line":503,"column":13},"end":{"line":503,"column":79}},"type":"cond-expr","locations":[{"start":{"line":503,"column":54},"end":{"line":503,"column":67}},{"start":{"line":503,"column":70},"end":{"line":503,"column":79}}],"line":503},"29":{"loc":{"start":{"line":517,"column":4},"end":{"line":523,"column":5}},"type":"if","locations":[{"start":{"line":517,"column":4},"end":{"line":523,"column":5}},{"start":{},"end":{}}],"line":517},"30":{"loc":{"start":{"line":528,"column":20},"end":{"line":528,"column":58}},"type":"cond-expr","locations":[{"start":{"line":528,"column":29},"end":{"line":528,"column":45}},{"start":{"line":528,"column":48},"end":{"line":528,"column":58}}],"line":528},"31":{"loc":{"start":{"line":529,"column":22},"end":{"line":529,"column":101}},"type":"cond-expr","locations":[{"start":{"line":529,"column":33},"end":{"line":529,"column":51}},{"start":{"line":529,"column":54},"end":{"line":529,"column":101}}],"line":529},"32":{"loc":{"start":{"line":534,"column":4},"end":{"line":554,"column":5}},"type":"switch","locations":[{"start":{"line":535,"column":6},"end":{"line":540,"column":14}},{"start":{"line":541,"column":6},"end":{"line":546,"column":14}},{"start":{"line":547,"column":6},"end":{"line":553,"column":14}}],"line":534},"33":{"loc":{"start":{"line":556,"column":4},"end":{"line":569,"column":5}},"type":"if","locations":[{"start":{"line":556,"column":4},"end":{"line":569,"column":5}},{"start":{"line":560,"column":11},"end":{"line":569,"column":5}}],"line":556},"34":{"loc":{"start":{"line":560,"column":11},"end":{"line":569,"column":5}},"type":"if","locations":[{"start":{"line":560,"column":11},"end":{"line":569,"column":5}},{"start":{},"end":{}}],"line":560},"35":{"loc":{"start":{"line":576,"column":13},"end":{"line":576,"column":79}},"type":"cond-expr","locations":[{"start":{"line":576,"column":54},"end":{"line":576,"column":67}},{"start":{"line":576,"column":70},"end":{"line":576,"column":79}}],"line":576}},"s":{"0":0,"1":0,"2":0,"3":0,"4":0,"5":0,"6":0,"7":0,"8":0,"9":0,"10":0,"11":0,"12":0,"13":0,"14":0,"15":0,"16":0,"17":0,"18":0,"19":0,"20":0,"21":0,"22":0,"23":0,"24":0,"25":0,"26":0,"27":0,"28":0,"29":0,"30":0,"31":0,"32":0,"33":0,"34":0,"35":0,"36":0,"37":0,"38":0,"39":0,"40":0,"41":0,"42":0,"43":0,"44":0,"45":0,"46":0,"47":0,"48":0,"49":0,"50":0,"51":0,"52":0,"53":0,"54":0,"55":0,"56":0,"57":0,"58":0,"59":0,"60":0,"61":0,"62":0,"63":0,"64":0,"65":0,"66":0,"67":0,"68":0,"69":0,"70":0,"71":0,"72":0,"73":0,"74":0,"75":0,"76":0,"77":0,"78":0,"79":0,"80":0,"81":0,"82":0,"83":0,"84":0,"85":0,"86":0,"87":0,"88":0,"89":0,"90":0,"91":0,"92":0,"93":0,"94":0,"95":0,"96":0,"97":0,"98":0,"99":0,"100":0,"101":0,"102":0,"103":0,"104":0,"105":0,"106":0,"107":0,"108":0,"109":0,"110":0,"111":0,"112":0,"113":0,"114":0,"115":0,"116":0,"117":0,"118":0,"119":0,"120":0,"121":0,"122":0,"123":0,"124":0,"125":0,"126":0,"127":0,"128":0,"129":0,"130":0,"131":0,"132":0,"133":0,"134":0,"135":0,"136":0,"137":0,"138":0,"139":0,"140":0,"141":0,"142":0,"143":0},"f":{"0":0,"1":0,"2":0,"3":0,"4":0,"5":0,"6":0,"7":0,"8":0,"9":0},"b":{"0":[0,0],"1":[0,0],"2":[0,0],"3":[0,0],"4":[0,0],"5":[0,0],"6":[0,0],"7":[0,0],"8":[0,0],"9":[0,0],"10":[0,0],"11":[0],"12":[0,0],"13":[0,0],"14":[0,0],"15":[0,0,0],"16":[0,0],"17":[0,0],"18":[0],"19":[0,0],"20":[0,0],"21":[0,0],"22":[0,0,0],"23":[0,0],"24":[0,0],"25":[0,0],"26":[0,0],"27":[0,0],"28":[0,0],"29":[0,0],"30":[0,0],"31":[0,0],"32":[0,0,0],"33":[0,0],"34":[0,0],"35":[0,0]}}
,"/Users/rajikakeminda/Documents/SLIIT/Y3/Healthcare/backend/routes/appointments.js": {"path":"/Users/rajikakeminda/Documents/SLIIT/Y3/Healthcare/backend/routes/appointments.js","statementMap":{"0":{"start":{"line":1,"column":16},"end":{"line":1,"column":34}},"1":{"start":{"line":2,"column":42},"end":{"line":2,"column":70}},"2":{"start":{"line":3,"column":20},"end":{"line":3,"column":52}},"3":{"start":{"line":4,"column":31},"end":{"line":4,"column":74}},"4":{"start":{"line":5,"column":17},"end":{"line":5,"column":46}},"5":{"start":{"line":6,"column":54},"end":{"line":6,"column":83}},"6":{"start":{"line":7,"column":23},"end":{"line":7,"column":38}},"7":{"start":{"line":8,"column":15},"end":{"line":8,"column":31}},"8":{"start":{"line":11,"column":0},"end":{"line":84,"column":3}},"9":{"start":{"line":19,"column":2},"end":{"line":83,"column":3}},"10":{"start":{"line":20,"column":19},"end":{"line":20,"column":40}},"11":{"start":{"line":21,"column":4},"end":{"line":27,"column":5}},"12":{"start":{"line":22,"column":6},"end":{"line":26,"column":9}},"13":{"start":{"line":29,"column":17},"end":{"line":29,"column":46}},"14":{"start":{"line":30,"column":18},"end":{"line":30,"column":49}},"15":{"start":{"line":31,"column":17},"end":{"line":31,"column":35}},"16":{"start":{"line":34,"column":17},"end":{"line":34,"column":19}},"17":{"start":{"line":36,"column":4},"end":{"line":40,"column":5}},"18":{"start":{"line":37,"column":6},"end":{"line":37,"column":38}},"19":{"start":{"line":38,"column":11},"end":{"line":40,"column":5}},"20":{"start":{"line":39,"column":6},"end":{"line":39,"column":37}},"21":{"start":{"line":43,"column":4},"end":{"line":43,"column":59}},"22":{"start":{"line":43,"column":26},"end":{"line":43,"column":59}},"23":{"start":{"line":44,"column":4},"end":{"line":49,"column":5}},"24":{"start":{"line":45,"column":19},"end":{"line":45,"column":43}},"25":{"start":{"line":46,"column":22},"end":{"line":46,"column":36}},"26":{"start":{"line":47,"column":6},"end":{"line":47,"column":45}},"27":{"start":{"line":48,"column":6},"end":{"line":48,"column":49}},"28":{"start":{"line":50,"column":4},"end":{"line":50,"column":65}},"29":{"start":{"line":50,"column":28},"end":{"line":50,"column":65}},"30":{"start":{"line":51,"column":4},"end":{"line":51,"column":68}},"31":{"start":{"line":51,"column":29},"end":{"line":51,"column":68}},"32":{"start":{"line":53,"column":25},"end":{"line":59,"column":19}},"33":{"start":{"line":61,"column":18},"end":{"line":61,"column":58}},"34":{"start":{"line":63,"column":4},"end":{"line":74,"column":7}},"35":{"start":{"line":77,"column":4},"end":{"line":77,"column":52}},"36":{"start":{"line":78,"column":4},"end":{"line":82,"column":7}},"37":{"start":{"line":87,"column":0},"end":{"line":168,"column":3}},"38":{"start":{"line":90,"column":2},"end":{"line":167,"column":3}},"39":{"start":{"line":91,"column":19},"end":{"line":91,"column":40}},"40":{"start":{"line":92,"column":4},"end":{"line":98,"column":5}},"41":{"start":{"line":93,"column":6},"end":{"line":97,"column":9}},"42":{"start":{"line":100,"column":25},"end":{"line":100,"column":35}},"43":{"start":{"line":101,"column":21},"end":{"line":101,"column":30}},"44":{"start":{"line":103,"column":19},"end":{"line":103,"column":66}},"45":{"start":{"line":104,"column":4},"end":{"line":109,"column":5}},"46":{"start":{"line":105,"column":6},"end":{"line":108,"column":9}},"47":{"start":{"line":112,"column":33},"end":{"line":116,"column":30}},"48":{"start":{"line":119,"column":27},"end":{"line":119,"column":29}},"49":{"start":{"line":120,"column":22},"end":{"line":120,"column":23}},"50":{"start":{"line":121,"column":20},"end":{"line":121,"column":22}},"51":{"start":{"line":122,"column":25},"end":{"line":122,"column":27}},"52":{"start":{"line":124,"column":4},"end":{"line":145,"column":5}},"53":{"start":{"line":124,"column":20},"end":{"line":124,"column":29}},"54":{"start":{"line":125,"column":6},"end":{"line":144,"column":7}},"55":{"start":{"line":125,"column":24},"end":{"line":125,"column":25}},"56":{"start":{"line":126,"column":25},"end":{"line":126,"column":100}},"57":{"start":{"line":129,"column":25},"end":{"line":139,"column":10}},"58":{"start":{"line":130,"column":26},"end":{"line":130,"column":34}},"59":{"start":{"line":131,"column":29},"end":{"line":131,"column":62}},"60":{"start":{"line":132,"column":10},"end":{"line":132,"column":72}},"61":{"start":{"line":134,"column":27},"end":{"line":134,"column":61}},"62":{"start":{"line":135,"column":30},"end":{"line":135,"column":48}},"63":{"start":{"line":136,"column":10},"end":{"line":136,"column":74}},"64":{"start":{"line":138,"column":10},"end":{"line":138,"column":92}},"65":{"start":{"line":141,"column":8},"end":{"line":143,"column":9}},"66":{"start":{"line":142,"column":10},"end":{"line":142,"column":40}},"67":{"start":{"line":147,"column":4},"end":{"line":158,"column":7}},"68":{"start":{"line":161,"column":4},"end":{"line":161,"column":52}},"69":{"start":{"line":162,"column":4},"end":{"line":166,"column":7}},"70":{"start":{"line":171,"column":0},"end":{"line":262,"column":3}},"71":{"start":{"line":180,"column":2},"end":{"line":261,"column":3}},"72":{"start":{"line":181,"column":19},"end":{"line":181,"column":40}},"73":{"start":{"line":182,"column":4},"end":{"line":188,"column":5}},"74":{"start":{"line":183,"column":6},"end":{"line":187,"column":9}},"75":{"start":{"line":190,"column":89},"end":{"line":190,"column":97}},"76":{"start":{"line":193,"column":19},"end":{"line":193,"column":66}},"77":{"start":{"line":194,"column":4},"end":{"line":199,"column":5}},"78":{"start":{"line":195,"column":6},"end":{"line":198,"column":9}},"79":{"start":{"line":202,"column":21},"end":{"line":202,"column":56}},"80":{"start":{"line":203,"column":4},"end":{"line":208,"column":5}},"81":{"start":{"line":204,"column":6},"end":{"line":207,"column":9}},"82":{"start":{"line":211,"column":32},"end":{"line":216,"column":6}},"83":{"start":{"line":218,"column":4},"end":{"line":223,"column":5}},"84":{"start":{"line":219,"column":6},"end":{"line":222,"column":9}},"85":{"start":{"line":226,"column":24},"end":{"line":239,"column":6}},"86":{"start":{"line":241,"column":4},"end":{"line":241,"column":29}},"87":{"start":{"line":244,"column":4},"end":{"line":244,"column":68}},"88":{"start":{"line":245,"column":4},"end":{"line":245,"column":76}},"89":{"start":{"line":246,"column":4},"end":{"line":246,"column":61}},"90":{"start":{"line":248,"column":4},"end":{"line":252,"column":7}},"91":{"start":{"line":255,"column":4},"end":{"line":255,"column":54}},"92":{"start":{"line":256,"column":4},"end":{"line":260,"column":7}},"93":{"start":{"line":265,"column":0},"end":{"line":338,"column":3}},"94":{"start":{"line":271,"column":2},"end":{"line":337,"column":3}},"95":{"start":{"line":272,"column":19},"end":{"line":272,"column":40}},"96":{"start":{"line":273,"column":4},"end":{"line":279,"column":5}},"97":{"start":{"line":274,"column":6},"end":{"line":278,"column":9}},"98":{"start":{"line":281,"column":30},"end":{"line":281,"column":40}},"99":{"start":{"line":282,"column":20},"end":{"line":282,"column":28}},"100":{"start":{"line":285,"column":24},"end":{"line":285,"column":65}},"101":{"start":{"line":286,"column":4},"end":{"line":291,"column":5}},"102":{"start":{"line":287,"column":6},"end":{"line":290,"column":9}},"103":{"start":{"line":294,"column":4},"end":{"line":299,"column":5}},"104":{"start":{"line":295,"column":6},"end":{"line":298,"column":9}},"105":{"start":{"line":301,"column":4},"end":{"line":306,"column":5}},"106":{"start":{"line":302,"column":6},"end":{"line":305,"column":9}},"107":{"start":{"line":309,"column":4},"end":{"line":315,"column":7}},"108":{"start":{"line":310,"column":6},"end":{"line":314,"column":7}},"109":{"start":{"line":311,"column":8},"end":{"line":311,"column":50}},"110":{"start":{"line":313,"column":8},"end":{"line":313,"column":40}},"111":{"start":{"line":317,"column":4},"end":{"line":317,"column":29}},"112":{"start":{"line":320,"column":4},"end":{"line":320,"column":68}},"113":{"start":{"line":321,"column":4},"end":{"line":321,"column":76}},"114":{"start":{"line":322,"column":4},"end":{"line":322,"column":61}},"115":{"start":{"line":324,"column":4},"end":{"line":328,"column":7}},"116":{"start":{"line":331,"column":4},"end":{"line":331,"column":54}},"117":{"start":{"line":332,"column":4},"end":{"line":336,"column":7}},"118":{"start":{"line":341,"column":0},"end":{"line":410,"column":3}},"119":{"start":{"line":344,"column":2},"end":{"line":409,"column":3}},"120":{"start":{"line":345,"column":19},"end":{"line":345,"column":40}},"121":{"start":{"line":346,"column":4},"end":{"line":352,"column":5}},"122":{"start":{"line":347,"column":6},"end":{"line":351,"column":9}},"123":{"start":{"line":354,"column":30},"end":{"line":354,"column":40}},"124":{"start":{"line":355,"column":23},"end":{"line":355,"column":31}},"125":{"start":{"line":357,"column":24},"end":{"line":357,"column":65}},"126":{"start":{"line":358,"column":4},"end":{"line":363,"column":5}},"127":{"start":{"line":359,"column":6},"end":{"line":362,"column":9}},"128":{"start":{"line":366,"column":4},"end":{"line":371,"column":5}},"129":{"start":{"line":367,"column":6},"end":{"line":370,"column":9}},"130":{"start":{"line":373,"column":4},"end":{"line":378,"column":5}},"131":{"start":{"line":374,"column":6},"end":{"line":377,"column":9}},"132":{"start":{"line":381,"column":4},"end":{"line":381,"column":37}},"133":{"start":{"line":382,"column":4},"end":{"line":386,"column":6}},"134":{"start":{"line":389,"column":4},"end":{"line":392,"column":5}},"135":{"start":{"line":390,"column":6},"end":{"line":390,"column":86}},"136":{"start":{"line":391,"column":6},"end":{"line":391,"column":56}},"137":{"start":{"line":394,"column":4},"end":{"line":394,"column":29}},"138":{"start":{"line":396,"column":4},"end":{"line":400,"column":7}},"139":{"start":{"line":403,"column":4},"end":{"line":403,"column":54}},"140":{"start":{"line":404,"column":4},"end":{"line":408,"column":7}},"141":{"start":{"line":413,"column":0},"end":{"line":457,"column":3}},"142":{"start":{"line":414,"column":2},"end":{"line":456,"column":3}},"143":{"start":{"line":415,"column":30},"end":{"line":415,"column":40}},"144":{"start":{"line":417,"column":24},"end":{"line":420,"column":45}},"145":{"start":{"line":422,"column":4},"end":{"line":427,"column":5}},"146":{"start":{"line":423,"column":6},"end":{"line":426,"column":9}},"147":{"start":{"line":430,"column":4},"end":{"line":435,"column":5}},"148":{"start":{"line":431,"column":6},"end":{"line":434,"column":9}},"149":{"start":{"line":437,"column":4},"end":{"line":442,"column":5}},"150":{"start":{"line":438,"column":6},"end":{"line":441,"column":9}},"151":{"start":{"line":444,"column":4},"end":{"line":447,"column":7}},"152":{"start":{"line":450,"column":4},"end":{"line":450,"column":51}},"153":{"start":{"line":451,"column":4},"end":{"line":455,"column":7}},"154":{"start":{"line":459,"column":0},"end":{"line":459,"column":24}}},"fnMap":{"0":{"name":"(anonymous_0)","decl":{"start":{"line":18,"column":3},"end":{"line":18,"column":4}},"loc":{"start":{"line":18,"column":23},"end":{"line":84,"column":1}},"line":18},"1":{"name":"(anonymous_1)","decl":{"start":{"line":89,"column":3},"end":{"line":89,"column":4}},"loc":{"start":{"line":89,"column":23},"end":{"line":168,"column":1}},"line":89},"2":{"name":"(anonymous_2)","decl":{"start":{"line":129,"column":51},"end":{"line":129,"column":52}},"loc":{"start":{"line":129,"column":58},"end":{"line":139,"column":9}},"line":129},"3":{"name":"(anonymous_3)","decl":{"start":{"line":179,"column":3},"end":{"line":179,"column":4}},"loc":{"start":{"line":179,"column":23},"end":{"line":262,"column":1}},"line":179},"4":{"name":"(anonymous_4)","decl":{"start":{"line":270,"column":3},"end":{"line":270,"column":4}},"loc":{"start":{"line":270,"column":23},"end":{"line":338,"column":1}},"line":270},"5":{"name":"(anonymous_5)","decl":{"start":{"line":309,"column":33},"end":{"line":309,"column":34}},"loc":{"start":{"line":309,"column":40},"end":{"line":315,"column":5}},"line":309},"6":{"name":"(anonymous_6)","decl":{"start":{"line":343,"column":3},"end":{"line":343,"column":4}},"loc":{"start":{"line":343,"column":23},"end":{"line":410,"column":1}},"line":343},"7":{"name":"(anonymous_7)","decl":{"start":{"line":413,"column":43},"end":{"line":413,"column":44}},"loc":{"start":{"line":413,"column":63},"end":{"line":457,"column":1}},"line":413}},"branchMap":{"0":{"loc":{"start":{"line":21,"column":4},"end":{"line":27,"column":5}},"type":"if","locations":[{"start":{"line":21,"column":4},"end":{"line":27,"column":5}},{"start":{},"end":{}}],"line":21},"1":{"loc":{"start":{"line":29,"column":17},"end":{"line":29,"column":46}},"type":"binary-expr","locations":[{"start":{"line":29,"column":17},"end":{"line":29,"column":41}},{"start":{"line":29,"column":45},"end":{"line":29,"column":46}}],"line":29},"2":{"loc":{"start":{"line":30,"column":18},"end":{"line":30,"column":49}},"type":"binary-expr","locations":[{"start":{"line":30,"column":18},"end":{"line":30,"column":43}},{"start":{"line":30,"column":47},"end":{"line":30,"column":49}}],"line":30},"3":{"loc":{"start":{"line":36,"column":4},"end":{"line":40,"column":5}},"type":"if","locations":[{"start":{"line":36,"column":4},"end":{"line":40,"column":5}},{"start":{"line":38,"column":11},"end":{"line":40,"column":5}}],"line":36},"4":{"loc":{"start":{"line":38,"column":11},"end":{"line":40,"column":5}},"type":"if","locations":[{"start":{"line":38,"column":11},"end":{"line":40,"column":5}},{"start":{},"end":{}}],"line":38},"5":{"loc":{"start":{"line":43,"column":4},"end":{"line":43,"column":59}},"type":"if","locations":[{"start":{"line":43,"column":4},"end":{"line":43,"column":59}},{"start":{},"end":{}}],"line":43},"6":{"loc":{"start":{"line":44,"column":4},"end":{"line":49,"column":5}},"type":"if","locations":[{"start":{"line":44,"column":4},"end":{"line":49,"column":5}},{"start":{},"end":{}}],"line":44},"7":{"loc":{"start":{"line":50,"column":4},"end":{"line":50,"column":65}},"type":"if","locations":[{"start":{"line":50,"column":4},"end":{"line":50,"column":65}},{"start":{},"end":{}}],"line":50},"8":{"loc":{"start":{"line":51,"column":4},"end":{"line":51,"column":68}},"type":"if","locations":[{"start":{"line":51,"column":4},"end":{"line":51,"column":68}},{"start":{},"end":{}}],"line":51},"9":{"loc":{"start":{"line":81,"column":13},"end":{"line":81,"column":79}},"type":"cond-expr","locations":[{"start":{"line":81,"column":54},"end":{"line":81,"column":67}},{"start":{"line":81,"column":70},"end":{"line":81,"column":79}}],"line":81},"10":{"loc":{"start":{"line":92,"column":4},"end":{"line":98,"column":5}},"type":"if","locations":[{"start":{"line":92,"column":4},"end":{"line":98,"column":5}},{"start":{},"end":{}}],"line":92},"11":{"loc":{"start":{"line":104,"column":4},"end":{"line":109,"column":5}},"type":"if","locations":[{"start":{"line":104,"column":4},"end":{"line":109,"column":5}},{"start":{},"end":{}}],"line":104},"12":{"loc":{"start":{"line":138,"column":18},"end":{"line":138,"column":90}},"type":"binary-expr","locations":[{"start":{"line":138,"column":18},"end":{"line":138,"column":39}},{"start":{"line":138,"column":43},"end":{"line":138,"column":90}}],"line":138},"13":{"loc":{"start":{"line":141,"column":8},"end":{"line":143,"column":9}},"type":"if","locations":[{"start":{"line":141,"column":8},"end":{"line":143,"column":9}},{"start":{},"end":{}}],"line":141},"14":{"loc":{"start":{"line":165,"column":13},"end":{"line":165,"column":79}},"type":"cond-expr","locations":[{"start":{"line":165,"column":54},"end":{"line":165,"column":67}},{"start":{"line":165,"column":70},"end":{"line":165,"column":79}}],"line":165},"15":{"loc":{"start":{"line":182,"column":4},"end":{"line":188,"column":5}},"type":"if","locations":[{"start":{"line":182,"column":4},"end":{"line":188,"column":5}},{"start":{},"end":{}}],"line":182},"16":{"loc":{"start":{"line":190,"column":46},"end":{"line":190,"column":62}},"type":"default-arg","locations":[{"start":{"line":190,"column":53},"end":{"line":190,"column":62}}],"line":190},"17":{"loc":{"start":{"line":190,"column":64},"end":{"line":190,"column":77}},"type":"default-arg","locations":[{"start":{"line":190,"column":75},"end":{"line":190,"column":77}}],"line":190},"18":{"loc":{"start":{"line":194,"column":4},"end":{"line":199,"column":5}},"type":"if","locations":[{"start":{"line":194,"column":4},"end":{"line":199,"column":5}},{"start":{},"end":{}}],"line":194},"19":{"loc":{"start":{"line":194,"column":8},"end":{"line":194,"column":38}},"type":"binary-expr","locations":[{"start":{"line":194,"column":8},"end":{"line":194,"column":15}},{"start":{"line":194,"column":19},"end":{"line":194,"column":38}}],"line":194},"20":{"loc":{"start":{"line":203,"column":4},"end":{"line":208,"column":5}},"type":"if","locations":[{"start":{"line":203,"column":4},"end":{"line":208,"column":5}},{"start":{},"end":{}}],"line":203},"21":{"loc":{"start":{"line":218,"column":4},"end":{"line":223,"column":5}},"type":"if","locations":[{"start":{"line":218,"column":4},"end":{"line":223,"column":5}},{"start":{},"end":{}}],"line":218},"22":{"loc":{"start":{"line":259,"column":13},"end":{"line":259,"column":79}},"type":"cond-expr","locations":[{"start":{"line":259,"column":54},"end":{"line":259,"column":67}},{"start":{"line":259,"column":70},"end":{"line":259,"column":79}}],"line":259},"23":{"loc":{"start":{"line":273,"column":4},"end":{"line":279,"column":5}},"type":"if","locations":[{"start":{"line":273,"column":4},"end":{"line":279,"column":5}},{"start":{},"end":{}}],"line":273},"24":{"loc":{"start":{"line":286,"column":4},"end":{"line":291,"column":5}},"type":"if","locations":[{"start":{"line":286,"column":4},"end":{"line":291,"column":5}},{"start":{},"end":{}}],"line":286},"25":{"loc":{"start":{"line":294,"column":4},"end":{"line":299,"column":5}},"type":"if","locations":[{"start":{"line":294,"column":4},"end":{"line":299,"column":5}},{"start":{},"end":{}}],"line":294},"26":{"loc":{"start":{"line":294,"column":8},"end":{"line":294,"column":99}},"type":"binary-expr","locations":[{"start":{"line":294,"column":8},"end":{"line":294,"column":35}},{"start":{"line":294,"column":39},"end":{"line":294,"column":99}}],"line":294},"27":{"loc":{"start":{"line":301,"column":4},"end":{"line":306,"column":5}},"type":"if","locations":[{"start":{"line":301,"column":4},"end":{"line":306,"column":5}},{"start":{},"end":{}}],"line":301},"28":{"loc":{"start":{"line":301,"column":8},"end":{"line":301,"column":114}},"type":"binary-expr","locations":[{"start":{"line":301,"column":8},"end":{"line":301,"column":51}},{"start":{"line":301,"column":55},"end":{"line":301,"column":114}}],"line":301},"29":{"loc":{"start":{"line":310,"column":6},"end":{"line":314,"column":7}},"type":"if","locations":[{"start":{"line":310,"column":6},"end":{"line":314,"column":7}},{"start":{"line":312,"column":13},"end":{"line":314,"column":7}}],"line":310},"30":{"loc":{"start":{"line":335,"column":13},"end":{"line":335,"column":79}},"type":"cond-expr","locations":[{"start":{"line":335,"column":54},"end":{"line":335,"column":67}},{"start":{"line":335,"column":70},"end":{"line":335,"column":79}}],"line":335},"31":{"loc":{"start":{"line":346,"column":4},"end":{"line":352,"column":5}},"type":"if","locations":[{"start":{"line":346,"column":4},"end":{"line":352,"column":5}},{"start":{},"end":{}}],"line":346},"32":{"loc":{"start":{"line":358,"column":4},"end":{"line":363,"column":5}},"type":"if","locations":[{"start":{"line":358,"column":4},"end":{"line":363,"column":5}},{"start":{},"end":{}}],"line":358},"33":{"loc":{"start":{"line":366,"column":4},"end":{"line":371,"column":5}},"type":"if","locations":[{"start":{"line":366,"column":4},"end":{"line":371,"column":5}},{"start":{},"end":{}}],"line":366},"34":{"loc":{"start":{"line":366,"column":8},"end":{"line":366,"column":99}},"type":"binary-expr","locations":[{"start":{"line":366,"column":8},"end":{"line":366,"column":35}},{"start":{"line":366,"column":39},"end":{"line":366,"column":99}}],"line":366},"35":{"loc":{"start":{"line":373,"column":4},"end":{"line":378,"column":5}},"type":"if","locations":[{"start":{"line":373,"column":4},"end":{"line":378,"column":5}},{"start":{},"end":{}}],"line":373},"36":{"loc":{"start":{"line":389,"column":4},"end":{"line":392,"column":5}},"type":"if","locations":[{"start":{"line":389,"column":4},"end":{"line":392,"column":5}},{"start":{},"end":{}}],"line":389},"37":{"loc":{"start":{"line":407,"column":13},"end":{"line":407,"column":79}},"type":"cond-expr","locations":[{"start":{"line":407,"column":54},"end":{"line":407,"column":67}},{"start":{"line":407,"column":70},"end":{"line":407,"column":79}}],"line":407},"38":{"loc":{"start":{"line":422,"column":4},"end":{"line":427,"column":5}},"type":"if","locations":[{"start":{"line":422,"column":4},"end":{"line":427,"column":5}},{"start":{},"end":{}}],"line":422},"39":{"loc":{"start":{"line":430,"column":4},"end":{"line":435,"column":5}},"type":"if","locations":[{"start":{"line":430,"column":4},"end":{"line":435,"column":5}},{"start":{},"end":{}}],"line":430},"40":{"loc":{"start":{"line":430,"column":8},"end":{"line":430,"column":103}},"type":"binary-expr","locations":[{"start":{"line":430,"column":8},"end":{"line":430,"column":35}},{"start":{"line":430,"column":39},"end":{"line":430,"column":103}}],"line":430},"41":{"loc":{"start":{"line":437,"column":4},"end":{"line":442,"column":5}},"type":"if","locations":[{"start":{"line":437,"column":4},"end":{"line":442,"column":5}},{"start":{},"end":{}}],"line":437},"42":{"loc":{"start":{"line":437,"column":8},"end":{"line":437,"column":118}},"type":"binary-expr","locations":[{"start":{"line":437,"column":8},"end":{"line":437,"column":51}},{"start":{"line":437,"column":55},"end":{"line":437,"column":118}}],"line":437},"43":{"loc":{"start":{"line":454,"column":13},"end":{"line":454,"column":79}},"type":"cond-expr","locations":[{"start":{"line":454,"column":54},"end":{"line":454,"column":67}},{"start":{"line":454,"column":70},"end":{"line":454,"column":79}}],"line":454}},"s":{"0":0,"1":0,"2":0,"3":0,"4":0,"5":0,"6":0,"7":0,"8":0,"9":0,"10":0,"11":0,"12":0,"13":0,"14":0,"15":0,"16":0,"17":0,"18":0,"19":0,"20":0,"21":0,"22":0,"23":0,"24":0,"25":0,"26":0,"27":0,"28":0,"29":0,"30":0,"31":0,"32":0,"33":0,"34":0,"35":0,"36":0,"37":0,"38":0,"39":0,"40":0,"41":0,"42":0,"43":0,"44":0,"45":0,"46":0,"47":0,"48":0,"49":0,"50":0,"51":0,"52":0,"53":0,"54":0,"55":0,"56":0,"57":0,"58":0,"59":0,"60":0,"61":0,"62":0,"63":0,"64":0,"65":0,"66":0,"67":0,"68":0,"69":0,"70":0,"71":0,"72":0,"73":0,"74":0,"75":0,"76":0,"77":0,"78":0,"79":0,"80":0,"81":0,"82":0,"83":0,"84":0,"85":0,"86":0,"87":0,"88":0,"89":0,"90":0,"91":0,"92":0,"93":0,"94":0,"95":0,"96":0,"97":0,"98":0,"99":0,"100":0,"101":0,"102":0,"103":0,"104":0,"105":0,"106":0,"107":0,"108":0,"109":0,"110":0,"111":0,"112":0,"113":0,"114":0,"115":0,"116":0,"117":0,"118":0,"119":0,"120":0,"121":0,"122":0,"123":0,"124":0,"125":0,"126":0,"127":0,"128":0,"129":0,"130":0,"131":0,"132":0,"133":0,"134":0,"135":0,"136":0,"137":0,"138":0,"139":0,"140":0,"141":0,"142":0,"143":0,"144":0,"145":0,"146":0,"147":0,"148":0,"149":0,"150":0,"151":0,"152":0,"153":0,"154":0},"f":{"0":0,"1":0,"2":0,"3":0,"4":0,"5":0,"6":0,"7":0},"b":{"0":[0,0],"1":[0,0],"2":[0,0],"3":[0,0],"4":[0,0],"5":[0,0],"6":[0,0],"7":[0,0],"8":[0,0],"9":[0,0],"10":[0,0],"11":[0,0],"12":[0,0],"13":[0,0],"14":[0,0],"15":[0,0],"16":[0],"17":[0],"18":[0,0],"19":[0,0],"20":[0,0],"21":[0,0],"22":[0,0],"23":[0,0],"24":[0,0],"25":[0,0],"26":[0,0],"27":[0,0],"28":[0,0],"29":[0,0],"30":[0,0],"31":[0,0],"32":[0,0],"33":[0,0],"34":[0,0],"35":[0,0],"36":[0,0],"37":[0,0],"38":[0,0],"39":[0,0],"40":[0,0],"41":[0,0],"42":[0,0],"43":[0,0]}}
,"/Users/rajikakeminda/Documents/SLIIT/Y3/Healthcare/backend/routes/auth.js": {"path":"/Users/rajikakeminda/Documents/SLIIT/Y3/Healthcare/backend/routes/auth.js","statementMap":{"0":{"start":{"line":1,"column":16},"end":{"line":1,"column":34}},"1":{"start":{"line":2,"column":35},"end":{"line":2,"column":63}},"2":{"start":{"line":3,"column":13},"end":{"line":3,"column":38}},"3":{"start":{"line":4,"column":16},"end":{"line":4,"column":44}},"4":{"start":{"line":5,"column":31},"end":{"line":5,"column":74}},"5":{"start":{"line":6,"column":22},"end":{"line":6,"column":56}},"6":{"start":{"line":7,"column":39},"end":{"line":7,"column":68}},"7":{"start":{"line":8,"column":23},"end":{"line":8,"column":38}},"8":{"start":{"line":9,"column":15},"end":{"line":9,"column":31}},"9":{"start":{"line":12,"column":0},"end":{"line":110,"column":3}},"10":{"start":{"line":19,"column":2},"end":{"line":109,"column":3}},"11":{"start":{"line":20,"column":19},"end":{"line":20,"column":40}},"12":{"start":{"line":21,"column":4},"end":{"line":27,"column":5}},"13":{"start":{"line":22,"column":6},"end":{"line":26,"column":9}},"14":{"start":{"line":29,"column":98},"end":{"line":29,"column":106}},"15":{"start":{"line":32,"column":25},"end":{"line":34,"column":6}},"16":{"start":{"line":36,"column":4},"end":{"line":41,"column":5}},"17":{"start":{"line":37,"column":6},"end":{"line":40,"column":9}},"18":{"start":{"line":45,"column":25},"end":{"line":53,"column":5}},"19":{"start":{"line":55,"column":4},"end":{"line":79,"column":5}},"20":{"start":{"line":57,"column":8},"end":{"line":61,"column":11}},"21":{"start":{"line":62,"column":8},"end":{"line":62,"column":14}},"22":{"start":{"line":64,"column":8},"end":{"line":68,"column":11}},"23":{"start":{"line":69,"column":8},"end":{"line":69,"column":14}},"24":{"start":{"line":71,"column":8},"end":{"line":75,"column":11}},"25":{"start":{"line":76,"column":8},"end":{"line":76,"column":14}},"26":{"start":{"line":78,"column":8},"end":{"line":78,"column":38}},"27":{"start":{"line":81,"column":4},"end":{"line":81,"column":22}},"28":{"start":{"line":84,"column":18},"end":{"line":84,"column":41}},"29":{"start":{"line":87,"column":4},"end":{"line":91,"column":7}},"30":{"start":{"line":93,"column":4},"end":{"line":100,"column":7}},"31":{"start":{"line":103,"column":4},"end":{"line":103,"column":48}},"32":{"start":{"line":104,"column":4},"end":{"line":108,"column":7}},"33":{"start":{"line":113,"column":0},"end":{"line":182,"column":3}},"34":{"start":{"line":117,"column":2},"end":{"line":181,"column":3}},"35":{"start":{"line":118,"column":19},"end":{"line":118,"column":40}},"36":{"start":{"line":119,"column":4},"end":{"line":125,"column":5}},"37":{"start":{"line":120,"column":6},"end":{"line":124,"column":9}},"38":{"start":{"line":127,"column":32},"end":{"line":127,"column":40}},"39":{"start":{"line":130,"column":17},"end":{"line":130,"column":66}},"40":{"start":{"line":131,"column":4},"end":{"line":136,"column":5}},"41":{"start":{"line":132,"column":6},"end":{"line":135,"column":9}},"42":{"start":{"line":139,"column":4},"end":{"line":144,"column":5}},"43":{"start":{"line":140,"column":6},"end":{"line":143,"column":9}},"44":{"start":{"line":147,"column":28},"end":{"line":147,"column":64}},"45":{"start":{"line":148,"column":4},"end":{"line":153,"column":5}},"46":{"start":{"line":149,"column":6},"end":{"line":152,"column":9}},"47":{"start":{"line":156,"column":18},"end":{"line":156,"column":41}},"48":{"start":{"line":159,"column":4},"end":{"line":163,"column":7}},"49":{"start":{"line":165,"column":4},"end":{"line":172,"column":7}},"50":{"start":{"line":175,"column":4},"end":{"line":175,"column":41}},"51":{"start":{"line":176,"column":4},"end":{"line":180,"column":7}},"52":{"start":{"line":185,"column":0},"end":{"line":191,"column":3}},"53":{"start":{"line":186,"column":2},"end":{"line":186,"column":27}},"54":{"start":{"line":187,"column":2},"end":{"line":190,"column":5}},"55":{"start":{"line":194,"column":0},"end":{"line":217,"column":3}},"56":{"start":{"line":195,"column":2},"end":{"line":216,"column":3}},"57":{"start":{"line":196,"column":17},"end":{"line":196,"column":50}},"58":{"start":{"line":197,"column":4},"end":{"line":202,"column":5}},"59":{"start":{"line":198,"column":6},"end":{"line":201,"column":9}},"60":{"start":{"line":204,"column":4},"end":{"line":207,"column":7}},"61":{"start":{"line":210,"column":4},"end":{"line":210,"column":49}},"62":{"start":{"line":211,"column":4},"end":{"line":215,"column":7}},"63":{"start":{"line":220,"column":0},"end":{"line":266,"column":3}},"64":{"start":{"line":225,"column":2},"end":{"line":265,"column":3}},"65":{"start":{"line":226,"column":19},"end":{"line":226,"column":40}},"66":{"start":{"line":227,"column":4},"end":{"line":233,"column":5}},"67":{"start":{"line":228,"column":6},"end":{"line":232,"column":9}},"68":{"start":{"line":235,"column":20},"end":{"line":235,"column":28}},"69":{"start":{"line":236,"column":4},"end":{"line":236,"column":28}},"70":{"start":{"line":237,"column":4},"end":{"line":237,"column":24}},"71":{"start":{"line":239,"column":17},"end":{"line":243,"column":5}},"72":{"start":{"line":245,"column":4},"end":{"line":250,"column":5}},"73":{"start":{"line":246,"column":6},"end":{"line":249,"column":9}},"74":{"start":{"line":252,"column":4},"end":{"line":256,"column":7}},"75":{"start":{"line":259,"column":4},"end":{"line":259,"column":50}},"76":{"start":{"line":260,"column":4},"end":{"line":264,"column":7}},"77":{"start":{"line":269,"column":0},"end":{"line":319,"column":3}},"78":{"start":{"line":273,"column":2},"end":{"line":318,"column":3}},"79":{"start":{"line":274,"column":19},"end":{"line":274,"column":40}},"80":{"start":{"line":275,"column":4},"end":{"line":281,"column":5}},"81":{"start":{"line":276,"column":6},"end":{"line":280,"column":9}},"82":{"start":{"line":283,"column":45},"end":{"line":283,"column":53}},"83":{"start":{"line":285,"column":17},"end":{"line":285,"column":70}},"84":{"start":{"line":286,"column
[...]
,"/Users/rajikakeminda/Documents/SLIIT/Y3/Healthcare/backend/services/emailService.js": {"path":"/Users/rajikakeminda/Documents/SLIIT/Y3/Healthcare/backend/services/emailService.js","statementMap":{"0":{"start":{"line":1,"column":19},"end":{"line":1,"column":40}},"1":{"start":{"line":4,"column":26},"end":{"line":12,"column":1}},"2":{"start":{"line":5,"column":2},"end":{"line":11,"column":5}},"3":{"start":{"line":15,"column":23},"end":{"line":118,"column":1}},"4":{"start":{"line":16,"column":45},"end":{"line":41,"column":3}},"5":{"start":{"line":43,"column":41},"end":{"line":64,"column":3}},"6":{"start":{"line":66,"column":37},"end":{"line":88,"column":3}},"7":{"start":{"line":90,"column":45},"end":{"line":117,"column":3}},"8":{"start":{"line":121,"column":18},"end":{"line":140,"column":1}},"9":{"start":{"line":122,"column":2},"end":{"line":139,"column":3}},"10":{"start":{"line":123,"column":24},"end":{"line":123,"column":43}},"11":{"start":{"line":124,"column":26},"end":{"line":124,"column":56}},"12":{"start":{"line":126,"column":24},"end":{"line":131,"column":5}},"13":{"start":{"line":133,"column":19},"end":{"line":133,"column":58}},"14":{"start":{"line":134,"column":4},"end":{"line":134,"column":62}},"15":{"start":{"line":135,"column":4},"end":{"line":135,"column":58}},"16":{"start":{"line":137,"column":4},"end":{"line":137,"column":49}},"17":{"start":{"line":138,"column":4},"end":{"line":138,"column":52}},"18":{"start":{"line":143,"column":36},"end":{"line":145,"column":1}},"19":{"start":{"line":144,"column":2},"end":{"line":144,"column":94}},"20":{"start":{"line":148,"column":32},"end":{"line":150,"column":1}},"21":{"start":{"line":149,"column":2},"end":{"line":149,"column":90}},"22":{"start":{"line":153,"column":32},"end":{"line":155,"column":1}},"23":{"start":{"line":154,"column":2},"end":{"line":154,"column":82}},"24":{"start":{"line":158,"column":36},"end":{"line":160,"column":1}},"25":{"start":{"line":159,"column":2},"end":{"line":159,"column":94}},"26":{"start":{"line":163,"column":23},"end":{"line":170,"column":1}},"27":{"start":{"line":164,"column":18},"end":{"line":164,"column":20}},"28":{"start":{"line":165,"column":2},"end":{"line":168,"column":3}},"29":{"start":{"line":166,"column":19},"end":{"line":166,"column":85}},"30":{"start":{"line":167,"column":4},"end":{"line":167,"column":60}},"31":{"start":{"line":169,"column":2},"end":{"line":169,"column":17}},"32":{"start":{"line":172,"column":0},"end":{"line":179,"column":2}}},"fnMap":{"0":{"name":"(anonymous_0)","decl":{"start":{"line":4,"column":26},"end":{"line":4,"column":27}},"loc":{"start":{"line":4,"column":32},"end":{"line":12,"column":1}},"line":4},"1":{"name":"(anonymous_1)","decl":{"start":{"line":16,"column":27},"end":{"line":16,"column":28}},"loc":{"start":{"line":16,"column":45},"end":{"line":41,"column":3}},"line":16},"2":{"name":"(anonymous_2)","decl":{"start":{"line":43,"column":23},"end":{"line":43,"column":24}},"loc":{"start":{"line":43,"column":41},"end":{"line":64,"column":3}},"line":43},"3":{"name":"(anonymous_3)","decl":{"start":{"line":66,"column":23},"end":{"line":66,"column":24}},"loc":{"start":{"line":66,"column":37},"end":{"line":88,"column":3}},"line":66},"4":{"name":"(anonymous_4)","decl":{"start":{"line":90,"column":27},"end":{"line":90,"column":28}},"loc":{"start":{"line":90,"column":45},"end":{"line":117,"column":3}},"line":90},"5":{"name":"(anonymous_5)","decl":{"start":{"line":121,"column":18},"end":{"line":121,"column":19}},"loc":{"start":{"line":121,"column":48},"end":{"line":140,"column":1}},"line":121},"6":{"name":"(anonymous_6)","decl":{"start":{"line":143,"column":36},"end":{"line":143,"column":37}},"loc":{"start":{"line":143,"column":59},"end":{"line":145,"column":1}},"line":143},"7":{"name":"(anonymous_7)","decl":{"start":{"line":148,"column":32},"end":{"line":148,"column":33}},"loc":{"start":{"line":148,"column":55},"end":{"line":150,"column":1}},"line":148},"8":{"name":"(anonymous_8)","decl":{"start":{"line":153,"column":32},"end":{"line":153,"column":33}},"loc":{"start":{"line":153,"column":51},"end":{"line":155,"column":1}},"line":153},"9":{"name":"(anonymous_9)","decl":{"start":{"line":158,"column":36},"end":{"line":158,"column":37}},"loc":{"start":{"line":158,"column":59},"end":{"line":160,"column":1}},"line":158},"10":{"name":"(anonymous_10)","decl":{"start":{"line":163,"column":23},"end":{"line":163,"column":24}},"loc":{"start":{"line":163,"column":61},"end":{"line":170,"column":1}},"line":163}},"branchMap":{"0":{"loc":{"start":{"line":8,"column":12},"end":{"line":8,"column":60}},"type":"binary-expr","locations":[{"start":{"line":8,"column":12},"end":{"line":8,"column":34}},{"start":{"line":8,"column":38},"end":{"line":8,"column":60}}],"line":8},"1":{"loc":{"start":{"line":9,"column":12},"end":{"line":9,"column":57}},"type":"binary-expr","locations":[{"start":{"line":9,"column":12},"end":{"line":9,"column":34}},{"start":{"line":9,"column":38},"end":{"line":9,"column":57}}],"line":9},"2":{"loc":{"start":{"line":32,"column":12},"end":{"line":32,"column":90}},"type":"cond-expr","locations":[{"start":{"line":32,"column":32},"end":{"line":32,"column":85}},{"start":{"line":32,"column":88},"end":{"line":32,"column":90}}],"line":32},"3":{"loc":{"start":{"line":80,"column":12},"end":{"line":80,"column":128}},"type":"cond-expr","locations":[{"start":{"line":80,"column":43},"end":{"line":80,"column":123}},{"start":{"line":80,"column":126},"end":{"line":80,"column":128}}],"line":80},"4":{"loc":{"start":{"line":107,"column":10},"end":{"line":110,"column":14}},"type":"cond-expr","locations":[{"start":{"line":107,"column":50},"end":{"line":110,"column":9}},{"start":{"line":110,"column":12},"end":{"line":110,"column":14}}],"line":107},"5":{"loc":{"start":{"line":127,"column":12},"end":{"line":127,"column":60}},"type":"binary-expr","locations":[{"start":{"line":127,"column":12},"end":{"line":127,"column":34}},{"start":{"line":127,"column":38},"end":{"line":127,"column":60}}],"line":127}},"s":{"0":0,"1":0,"2":0,"3":0,"4":0,"5":0,"6":0,"7":0,"8":0,"9":0,"10":0,"11":0,"12":0,"13":0,"14":0,"15":0,"16":0,"17":0,"18":0,"19":0,"20":0,"21":0,"22":0,"23":0,"24":0,"25":0,"26":0,"27":0,"28":0,"29":0,"30":0,"31":0,"32":0},"f":{"0":0,"1":0,"2":0,"3":0,"4":0,"5":0,"6":0,"7":0,"8":0,"9":0,"10":0},"b":{"0":[0,0],"1":[0,0],"2":[0,0],"3":[0,0],"4":[0,0],"5":[0,0]}}
,"/Users/rajikakeminda/Documents/SLIIT/Y3/Healthcare/backend/services/notificationService.js": {"path":"/Users/rajikakeminda/Documents/SLIIT/Y3/Healthcare/backend/services/notificationService.js","statementMap":{"0":{"start":{"line":6,"column":4},"end":{"line":6,"column":29}},"1":{"start":{"line":7,"column":20},"end":{"line":7,"column":52}},"2":{"start":{"line":8,"column":16},"end":{"line":8,"column":44}},"3":{"start":{"line":11,"column":48},"end":{"line":42,"column":1}},"4":{"start":{"line":12,"column":2},"end":{"line":41,"column":3}},"5":{"start":{"line":13,"column":24},"end":{"line":16,"column":45}},"6":{"start":{"line":18,"column":4},"end":{"line":20,"column":5}},"7":{"start":{"line":19,"column":6},"end":{"line":19,"column":47}},"8":{"start":{"line":23,"column":24},"end":{"line":23,"column":70}},"9":{"start":{"line":26,"column":4},"end":{"line":26,"column":43}},"10":{"start":{"line":27,"column":4},"end":{"line":27,"column":52}},"11":{"start":{"line":28,"column":4},"end":{"line":28,"column":29}},"12":{"start":{"line":30,"column":4},"end":{"line":34,"column":6}},"13":{"start":{"line":36,"column":4},"end":{"line":36,"column":81}},"14":{"start":{"line":37,"column":4},"end":{"line":40,"column":6}},"15":{"start":{"line":45,"column":44},"end":{"line":88,"column":1}},"16":{"start":{"line":46,"column":2},"end":{"line":87,"column":3}},"17":{"start":{"line":47,"column":24},"end":{"line":50,"column":45}},"18":{"start":{"line":52,"column":4},"end":{"line":54,"column":5}},"19":{"start":{"line":53,"column":6},"end":{"line":53,"column":47}},"20":{"start":{"line":57,"column":21},"end":{"line":57,"column":31}},"21":{"start":{"line":58,"column":4},"end":{"line":58,"column":45}},"22":{"start":{"line":59,"column":28},"end":{"line":59,"column":54}},"23":{"start":{"line":61,"column":4},"end":{"line":66,"column":5}},"24":{"start":{"line":62,"column":6},"end":{"line":65,"column":8}},"25":{"start":{"line":69,"column":24},"end":{"line":69,"column":66}},"26":{"start":{"line":72,"column":4},"end":{"line":72,"column":43}},"27":{"start":{"line":73,"column":4},"end":{"line":73,"column":52}},"28":{"start":{"line":74,"column":4},"end":{"line":74,"column":29}},"29":{"start":{"line":76,"column":4},"end":{"line":80,"column":6}},"30":{"start":{"line":82,"column":4},"end":{"line":82,"column":77}},"31":{"start":{"line":83,"column":4},"end":{"line":86,"column":6}},"32":{"start":{"line":91,"column":44},"end":{"line":117,"column":1}},"33":{"start":{"line":92,"column":2},"end":{"line":116,"column":3}},"34":{"start":{"line":93,"column":20},"end":{"line":96,"column":45}},"35":{"start":{"line":98,"column":4},"end":{"line":100,"column":5}},"36":{"start":{"line":99,"column":6},"end":{"line":99,"column":43}},"37":{"start":{"line":103,"column":24},"end":{"line":103,"column":62}},"38":{"start":{"line":105,"column":4},"end":{"line":109,"column":6}},"39":{"start":{"line":111,"column":4},"end":{"line":111,"column":77}},"40":{"start":{"line":112,"column":4},"end":{"line":115,"column":6}},"41":{"start":{"line":120,"column":48},"end":{"line":146,"column":1}},"42":{"start":{"line":121,"column":2},"end":{"line":145,"column":3}},"43":{"start":{"line":122,"column":24},"end":{"line":125,"column":45}},"44":{"start":{"line":127,"column":4},"end":{"line":129,"column":5}},"45":{"start":{"line":128,"column":6},"end":{"line":128,"column":47}},"46":{"start":{"line":132,"column":24},"end":{"line":132,"column":70}},"47":{"start":{"line":134,"column":4},"end":{"line":138,"column":6}},"48":{"start":{"line":140,"column":4},"end":{"line":140,"column":81}},"49":{"start":{"line":141,"column":4},"end":{"line":144,"column":6}},"50":{"start":{"line":149,"column":38},"end":{"line":190,"column":1}},"51":{"start":{"line":150,"column":2},"end":{"line":189,"column":3}},"52":{"start":{"line":151,"column":21},"end":{"line":151,"column":31}},"53":{"start":{"line":152,"column":4},"end":{"line":152,"column":45}},"54":{"start":{"line":153,"column":23},"end":{"line":153,"column":41}},"55":{"start":{"line":154,"column":4},"end":{"line":154,"column":36}},"56":{"start":{"line":155,"column":21},"end":{"line":155,"column":39}},"57":{"start":{"line":156,"column":4},"end":{"line":156,"column":39}},"58":{"start":{"line":159,"column":25},"end":{"line":165,"column":45}},"59":{"start":{"line":167,"column":20},"end":{"line":167,"column":22}},"60":{"start":{"line":168,"column":4},"end":{"line":175,"column":5}},"61":{"start":{"line":169,"column":21},"end":{"line":169,"column":79}},"62":{"start":{"line":170,"column":6},"end":{"line":174,"column":9}},"63":{"start":{"line":177,"column":4},"end":{"line":182,"column":6}},"64":{"start":{"line":184,"column":4},"end":{"line":184,"column":71}},"65":{"start":{"line":185,"column":4},"end":{"line":188,"column":6}},"66":{"start":{"line":193,"column":47},"end":{"line":225,"column":1}},"67":{"start":{"line":194,"column":2},"end":{"line":224,"column":3}},"68":{"start":{"line":195,"column":24},"end":{"line":198,"column":45}},"69":{"start":{"line":200,"column":4},"end":{"line":202,"column":5}},"70":{"start":{"line":201,"column":6},"end":{"line":201,"column":47}},"71":{"start":{"line":206,"column":4},"end":{"line":212,"column":7}},"72":{"start":{"line":214,"column":4},"end":{"line":217,"column":6}},"73":{"start":{"line":219,"column":4},"end":{"line":219,"column":82}},"74":{"start":{"line":220,"column":4},"end":{"line":223,"column":6}},"75":{"start":{"line":228,"column":37},"end":{"line":258,"column":1}},"76":{"start":{"line":229,"column":2},"end":{"line":257,"column":3}},"77":{"start":{"line":230,"column":20},"end":{"line":232,"column":57}},"78":{"start":{"line":234,"column":4},"end":{"line":236,"column":5}},"79":{"start":{"line":235,"column":6},"end":{"line":235,"column":43}},"80":{"start":{"line":240,"column":4},"end":{"line":245,"column":7}},"81":{"start":{"line":247,"column":4},"end":{"line":250,"column":6}},"82":{"start":{"line":252,"column":4},"end":{"line":252,"column":70}},"83":{"start":{"line":253,"column":4},"end":{"line":256,"column":6}},"84":{"start":{"line":260,"column":0},"end":{"line":268,"column":2}}},"fnMap":{"0":{"name":"(anonymous_0)","decl":{"start":{"line":11,"column":48},"end":{"line":11,"column":49}},"loc":{"start":{"line":11,"column":73},"end":{"line":42,"column":1}},"line":11},"1":{"name":"(anonymous_1)","decl":{"start":{"line":45,"column":44},"end":{"line":45,"column":45}},"loc":{"start":{"line":45,"column":69},"end":{"line":88,"column":1}},"line":45},"2":{"name":"(anonymous_2)","decl":{"start":{"line":91,"column":44},"end":{"line":91,"column":45}},"loc":{"start":{"line":91,"column":65},"end":{"line":117,"column":1}},"line":91},"3":{"name":"(anonymous_3)","decl":{"start":{"line":120,"column":48},"end":{"line":120,"column":49}},"loc":{"start":{"line":120,"column":73},"end":{"line":146,"column":1}},"line":120},"4":{"name":"(anonymous_4)","decl":{"start":{"line":149,"column":38},"end":{"line":149,"column":39}},"loc":{"start":{"line":149,"column":50},"end":{"line":190,"column":1}},"line":149},"5":{"name":"(anonymous_5)","decl":{"start":{"line":193,"column":47},"end":{"line":193,"column":48}},"loc":{"start":{"line":193,"column":72},"end":{"line":225,"column":1}},"line":193},"6":{"name":"(anonymous_6)","decl":{"start":{"line":228,"column":37},"end":{"line":228,"column":38}},"loc":{"start":{"line":228,"column":65},"end":{"line":258,"column":1}},"line":228}},"branchMap":{"0":{"loc":{"start":{"line":18,"column":4},"end":{"line":20,"column":5}},"type":"if","locations":[{"start":{"line":18,"column":4},"end":{"line":20,"column":5}},{"start":{},"end":{}}],"line":18},"1":{"loc":{"start":{"line":52,"column":4},"end":{"line":54,"column":5}},"type":"if","locations":[{"start":{"line":52,"column":4},"end":{"line":54,"column":5}},{"start":{},"end":{}}],"line":52},"2":{"loc":{"start":{"line":61,"column":4},"end":{"line":66,"column":5}},"type":"if","locations":[{"start":{"line":61,"column":4},"end":{"line":66,"column":5}},{"start":{},"end":{}}],"line":61},"3":{"loc":{"start":{"line":98,"column":4},"end":{"line":100,"column":5}},"type":"if","locations":[{"start":{"line":98,"column":4},"end":{"line":100,"column":5}},{"start":{},"end":{}}],"line":98},"4":{"loc":{"start":{"line":127,"column":4},"end":{"line":129,"column":5}},"type":"if","locations":[{"start":{"line":127,"column":4},"end":{"line":129,"column":5}},{"start":{},"end":{}}],"line":127},"5":{"loc":{"start":{"line":200,"column":4},"end":{"line":202,"column":5}},"type":"if","locations":[{"start":{"line":200,"column":4},"end":{"line":202,"column":5}},{"start":{},"end":{}}],"line":200},"6":{"loc":{"start":{"line":234,"column":4},"end":{"line":236,"column":5}},"type":"if","locations":[{"start":{"line":234,"column":4},"end":{"line":236,"column":5}},{"start":{},"end":{}}],"line":234}},"s":{"0":0,"1":0,"2":0,"3":0,"4":0,"5":0,"6":0,"7":0,"8":0,"9":0,"10":0,"11":0,"12":0,"13":0,"14":0,"15":0,"16":0,"17":0,"18":0,"19":0,"20":0,"21":0,"22":0,"23":0,"24":0,"25":0,"26":0,"27":0,"28":0,"29":0,"30":0,"31":0,"32":0,"33":0,"34":0,"35":0,"36":0,"37":0,"38":0,"39":0,"40":0,"41":0,"42":0,"43":0,"44":0,"45":0,"46":0,"47":0,"48":0,"49":0,"50":0,"51":0,"52":0,"53":0,"54":0,"55":0,"56":0,"57":0,"58":0,"59":0,"60":0,"61":0,"62":0,"63":0,"64":0,"65":0,"66":0,"67":0,"68":0,"69":0,"70":0,"71":0,"72":0,"73":0,"74":0,"75":0,"76":0,"77":0,"78":0,"79":0,"80":0,"81":0,"82":0,"83":0,"84":0},"f":{"0":0,"1":0,"2":0,"3":0,"4":0,"5":0,"6":0},"b":{"0":[0,0],"1":[0,0],"2":[0,0],"3":[0,0],"4":[0,0],"5":[0,0],"6":[0,0]}}
,"/Users/rajikakeminda/Documents/SLIIT/Y3/Healthcare/backend/services/scheduler.js": {"path":"/Users/rajikakeminda/Documents/SLIIT/Y3/Healthcare/backend/services/scheduler.js","statementMap":{"0":{"start":{"line":1,"column":13},"end":{"line":1,"column":33}},"1":{"start":{"line":2,"column":42},"end":{"line":2,"column":74}},"2":{"start":{"line":5,"column":31},"end":{"line":18,"column":1}},"3":{"start":{"line":6,"column":2},"end":{"line":17,"column":5}},"4":{"start":{"line":7,"column":4},"end":{"line":7,"column":58}},"5":{"start":{"line":8,"column":4},"end":{"line":13,"column":5}},"6":{"start":{"line":9,"column":21},"end":{"line":9,"column":58}},"7":{"start":{"line":10,"column":6},"end":{"line":10,"column":53}},"8":{"start":{"line":12,"column":6},"end":{"line":12,"column":61}},"9":{"start":{"line":21,"column":30},"end":{"line":31,"column":1}},"10":{"start":{"line":22,"column":2},"end":{"line":30,"column":5}},"11":{"start":{"line":23,"column":4},"end":{"line":23,"column":48}},"12":{"start":{"line":26,"column":4},"end":{"line":26,"column":58}},"13":{"start":{"line":34,"column":31},"end":{"line":44,"column":1}},"14":{"start":{"line":35,"column":2},"end":{"line":43,"column":5}},"15":{"start":{"line":36,"column":4},"end":{"line":36,"column":46}},"16":{"start":{"line":39,"column":4},"end":{"line":39,"column":50}},"17":{"start":{"line":47,"column":28},"end":{"line":53,"column":1}},"18":{"start":{"line":48,"column":2},"end":{"line":48,"column":43}},"19":{"start":{"line":49,"column":2},"end":{"line":49,"column":27}},"20":{"start":{"line":50,"column":2},"end":{"line":50,"column":26}},"21":{"start":{"line":51,"column":2},"end":{"line":51,"column":27}},"22":{"start":{"line":52,"column":2},"end":{"line":52,"column":52}},"23":{"start":{"line":55,"column":0},"end":{"line":60,"column":2}}},"fnMap":{"0":{"name":"(anonymous_0)","decl":{"start":{"line":5,"column":31},"end":{"line":5,"column":32}},"loc":{"start":{"line":5,"column":37},"end":{"line":18,"column":1}},"line":5},"1":{"name":"(anonymous_1)","decl":{"start":{"line":6,"column":30},"end":{"line":6,"column":31}},"loc":{"start":{"line":6,"column":42},"end":{"line":14,"column":3}},"line":6},"2":{"name":"(anonymous_2)","decl":{"start":{"line":21,"column":30},"end":{"line":21,"column":31}},"loc":{"start":{"line":21,"column":36},"end":{"line":31,"column":1}},"line":21},"3":{"name":"(anonymous_3)","decl":{"start":{"line":22,"column":29},"end":{"line":22,"column":30}},"loc":{"start":{"line":22,"column":41},"end":{"line":27,"column":3}},"line":22},"4":{"name":"(anonymous_4)","decl":{"start":{"line":34,"column":31},"end":{"line":34,"column":32}},"loc":{"start":{"line":34,"column":37},"end":{"line":44,"column":1}},"line":34},"5":{"name":"(anonymous_5)","decl":{"start":{"line":35,"column":29},"end":{"line":35,"column":30}},"loc":{"start":{"line":35,"column":41},"end":{"line":40,"column":3}},"line":35},"6":{"name":"(anonymous_6)","decl":{"start":{"line":47,"column":28},"end":{"line":47,"column":29}},"loc":{"start":{"line":47,"column":34},"end":{"line":53,"column":1}},"line":47}},"branchMap":{},"s":{"0":0,"1":0,"2":0,"3":0,"4":0,"5":0,"6":0,"7":0,"8":0,"9":0,"10":0,"11":0,"12":0,"13":0,"14":0,"15":0,"16":0,"17":0,"18":0,"19":0,"20":0,"21":0,"22":0,"23":0},"f":{"0":0,"1":0,"2":0,"3":0,"4":0,"5":0,"6":0},"b":{}}
}
