TN:
SF:middleware/auth.js
FN:5,(anonymous_0)
FN:12,(anonymous_1)
FN:64,(anonymous_2)
FN:65,(anonymous_3)
FN:85,(anonymous_4)
FN:86,(anonymous_5)
FNF:6
FNH:0
FNDA:0,(anonymous_0)
FNDA:0,(anonymous_1)
FNDA:0,(anonymous_2)
FNDA:0,(anonymous_3)
FNDA:0,(anonymous_4)
FNDA:0,(anonymous_5)
DA:1,0
DA:2,0
DA:5,0
DA:6,0
DA:12,0
DA:13,0
DA:14,0
DA:17,0
DA:18,0
DA:24,0
DA:25,0
DA:27,0
DA:28,0
DA:34,0
DA:35,0
DA:41,0
DA:42,0
DA:44,0
DA:45,0
DA:50,0
DA:51,0
DA:56,0
DA:64,0
DA:65,0
DA:66,0
DA:67,0
DA:73,0
DA:74,0
DA:80,0
DA:85,0
DA:86,0
DA:87,0
DA:88,0
DA:95,0
DA:96,0
DA:100,0
DA:101,0
DA:105,0
DA:106,0
DA:107,0
DA:108,0
DA:115,0
DA:119,0
LF:43
LH:0
BRDA:6,0,0,0
BRDA:6,0,1,0
BRDA:7,1,0,0
BRDA:7,1,1,0
BRDA:14,2,0,0
BRDA:14,2,1,0
BRDA:17,3,0,0
BRDA:17,3,1,0
BRDA:24,4,0,0
BRDA:24,4,1,0
BRDA:27,5,0,0
BRDA:27,5,1,0
BRDA:34,6,0,0
BRDA:34,6,1,0
BRDA:44,7,0,0
BRDA:44,7,1,0
BRDA:50,8,0,0
BRDA:50,8,1,0
BRDA:66,9,0,0
BRDA:66,9,1,0
BRDA:73,10,0,0
BRDA:73,10,1,0
BRDA:85,11,0,0
BRDA:87,12,0,0
BRDA:87,12,1,0
BRDA:95,13,0,0
BRDA:95,13,1,0
BRDA:100,14,0,0
BRDA:100,14,1,0
BRDA:105,15,0,0
BRDA:105,15,1,0
BRDA:106,16,0,0
BRDA:106,16,1,0
BRDA:107,17,0,0
BRDA:107,17,1,0
BRDA:107,18,0,0
BRDA:107,18,1,0
BRF:37
BRH:0
end_of_record
TN:
SF:models/Appointment.js
FN:109,(anonymous_0)
FN:118,(anonymous_1)
FN:130,(anonymous_2)
FN:135,(anonymous_3)
FNF:4
FNH:2
FNDA:44,(anonymous_0)
FNDA:44,(anonymous_1)
FNDA:0,(anonymous_2)
FNDA:0,(anonymous_3)
DA:1,3
DA:3,3
DA:109,3
DA:110,44
DA:111,0
DA:112,0
DA:114,44
DA:118,3
DA:119,44
DA:120,44
DA:124,3
DA:125,3
DA:126,3
DA:127,3
DA:130,3
DA:131,0
DA:135,3
DA:136,0
DA:137,0
DA:138,0
DA:141,3
LF:21
LH:15
BRDA:110,0,0,0
BRDA:110,0,1,44
BRF:2
BRH:1
end_of_record
TN:
SF:models/HealthcareProfessional.js
FN:85,(anonymous_0)
FNF:1
FNH:1
FNDA:58,(anonymous_0)
DA:1,4
DA:2,4
DA:4,4
DA:85,4
DA:86,58
DA:87,0
DA:88,0
DA:90,58
DA:93,4
LF:9
LH:7
BRDA:86,0,0,0
BRDA:86,0,1,58
BRF:2
BRH:1
end_of_record
TN:
SF:models/Hospital.js
FN:116,(anonymous_0)
FN:125,(anonymous_1)
FNF:2
FNH:2
FNDA:58,(anonymous_0)
FNDA:58,(anonymous_1)
DA:1,4
DA:3,4
DA:116,4
DA:117,58
DA:118,0
DA:119,0
DA:121,58
DA:125,4
DA:126,58
DA:127,58
DA:130,4
LF:11
LH:9
BRDA:117,0,0,0
BRDA:117,0,1,58
BRF:2
BRH:1
end_of_record
TN:
SF:models/HospitalStaff.js
FN:73,(anonymous_0)
FNF:1
FNH:1
FNDA:1,(anonymous_0)
DA:1,3
DA:2,3
DA:4,3
DA:73,3
DA:74,1
DA:75,0
DA:76,0
DA:78,1
DA:81,3
LF:9
LH:7
BRDA:74,0,0,0
BRDA:74,0,1,1
BRF:2
BRH:1
end_of_record
TN:
SF:models/MedicalRecord.js
FN:175,(anonymous_0)
FN:184,(anonymous_1)
FN:195,(anonymous_2)
FNF:3
FNH:2
FNDA:17,(anonymous_0)
FNDA:17,(anonymous_1)
FNDA:0,(anonymous_2)
DA:1,3
DA:3,3
DA:175,3
DA:176,17
DA:177,0
DA:178,0
DA:180,17
DA:184,3
DA:185,17
DA:186,17
DA:190,3
DA:191,3
DA:192,3
DA:195,3
DA:197,0
DA:200,3
LF:16
LH:13
BRDA:176,0,0,0
BRDA:176,0,1,17
BRF:2
BRH:1
end_of_record
TN:
SF:models/Patient.js
FN:63,(anonymous_0)
FNF:1
FNH:1
FNDA:58,(anonymous_0)
DA:1,4
DA:2,4
DA:4,4
DA:63,4
DA:64,58
DA:65,0
DA:66,0
DA:68,58
DA:71,4
LF:9
LH:7
BRDA:64,0,0,0
BRDA:64,0,1,58
BRF:2
BRH:1
end_of_record
TN:
SF:models/Payment.js
FN:113,(anonymous_0)
FN:122,(anonymous_1)
FN:132,(anonymous_2)
FN:145,(anonymous_3)
FN:150,(anonymous_4)
FN:155,(anonymous_5)
FN:156,(anonymous_6)
FNF:7
FNH:3
FNDA:21,(anonymous_0)
FNDA:21,(anonymous_1)
FNDA:21,(anonymous_2)
FNDA:0,(anonymous_3)
FNDA:0,(anonymous_4)
FNDA:0,(anonymous_5)
FNDA:0,(anonymous_6)
DA:1,3
DA:3,3
DA:113,3
DA:114,21
DA:115,0
DA:116,0
DA:118,21
DA:122,3
DA:123,21
DA:124,0
DA:125,0
DA:126,0
DA:128,21
DA:132,3
DA:133,21
DA:134,21
DA:138,3
DA:139,3
DA:140,3
DA:141,3
DA:142,3
DA:145,3
DA:146,0
DA:150,3
DA:151,0
DA:155,3
DA:156,0
DA:157,0
DA:160,0
DA:161,0
DA:162,0
DA:164,0
DA:167,3
LF:33
LH:20
BRDA:114,0,0,0
BRDA:114,0,1,21
BRDA:123,1,0,0
BRDA:123,1,1,21
BRDA:123,2,0,21
BRDA:123,2,1,0
BRDA:151,3,0,0
BRDA:151,3,1,0
BRF:8
BRH:3
end_of_record
TN:
SF:models/User.js
FN:67,(anonymous_0)
FN:80,(anonymous_1)
FN:86,(anonymous_2)
FN:91,(anonymous_3)
FNF:4
FNH:2
FNDA:117,(anonymous_0)
FNDA:117,(anonymous_1)
FNDA:0,(anonymous_2)
FNDA:0,(anonymous_3)
DA:1,4
DA:2,4
DA:4,4
DA:67,4
DA:68,117
DA:70,117
DA:71,117
DA:72,117
DA:73,117
DA:75,0
DA:80,4
DA:81,117
DA:82,117
DA:86,4
DA:87,0
DA:91,4
DA:92,0
DA:93,0
DA:94,0
DA:97,4
LF:20
LH:15
BRDA:68,0,0,0
BRDA:68,0,1,117
BRF:2
BRH:1
end_of_record
TN:
SF:routes/analytics.js
FN:13,(anonymous_0)
FN:54,(anonymous_1)
FN:55,(anonymous_2)
FN:110,(anonymous_3)
FN:243,(anonymous_4)
FN:346,(anonymous_5)
FN:347,(anonymous_6)
FN:381,(anonymous_7)
FN:514,(anonymous_8)
FN:562,(anonymous_9)
FNF:10
FNH:0
FNDA:0,(anonymous_0)
FNDA:0,(anonymous_1)
FNDA:0,(anonymous_2)
FNDA:0,(anonymous_3)
FNDA:0,(anonymous_4)
FNDA:0,(anonymous_5)
FNDA:0,(anonymous_6)
FNDA:0,(anonymous_7)
FNDA:0,(anonymous_8)
FNDA:0,(anonymous_9)
DA:1,0
DA:2,0
DA:3,0
DA:4,0
DA:5,0
DA:6,0
DA:7,0
DA:8,0
DA:10,0
DA:13,0
DA:14,0
DA:15,0
DA:18,0
DA:19,0
DA:22,0
DA:23,0
DA:26,0
DA:27,0
DA:33,0
DA:34,0
DA:35,0
DA:36,0
DA:37,0
DA:40,0
DA:41,0
DA:45,0
DA:46,0
DA:49,0
DA:50,0
DA:53,0
DA:54,0
DA:55,0
DA:58,0
DA:59,0
DA:60,0
DA:61,0
DA:63,0
DA:95,0
DA:96,0
DA:105,0
DA:111,0
DA:112,0
DA:113,0
DA:114,0
DA:121,0
DA:124,0
DA:125,0
DA:128,0
DA:129,0
DA:133,0
DA:135,0
DA:136,0
DA:138,0
DA:139,0
DA:141,0
DA:142,0
DA:146,0
DA:163,0
DA:174,0
DA:185,0
DA:215,0
DA:228,0
DA:229,0
DA:238,0
DA:244,0
DA:245,0
DA:246,0
DA:247,0
DA:254,0
DA:257,0
DA:258,0
DA:261,0
DA:262,0
DA:266,0
DA:268,0
DA:269,0
DA:271,0
DA:272,0
DA:274,0
DA:275,0
DA:279,0
DA:294,0
DA:306,0
DA:334,0
DA:346,0
DA:347,0
DA:348,0
DA:350,0
DA:368,0
DA:369,0
DA:378,0
DA:382,0
DA:383,0
DA:384,0
DA:385,0
DA:392,0
DA:395,0
DA:396,0
DA:399,0
DA:418,0
DA:445,0
DA:478,0
DA:479,0
DA:484,0
DA:499,0
DA:500,0
DA:509,0
DA:515,0
DA:516,0
DA:517,0
DA:518,0
DA:525,0
DA:528,0
DA:529,0
DA:534,0
DA:536,0
DA:539,0
DA:540,0
DA:542,0
DA:545,0
DA:546,0
DA:548,0
DA:552,0
DA:553,0
DA:556,0
DA:557,0
DA:558,0
DA:559,0
DA:560,0
DA:562,0
DA:563,0
DA:566,0
DA:567,0
DA:568,0
DA:572,0
DA:573,0
DA:581,0
LF:137
LH:0
BRDA:18,0,0,0
BRDA:18,0,1,0
BRDA:19,1,0,0
BRDA:19,1,1,0
BRDA:23,2,0,0
BRDA:23,2,1,0
BRDA:58,3,0,0
BRDA:58,3,1,0
BRDA:59,4,0,0
BRDA:59,4,1,0
BRDA:60,5,0,0
BRDA:60,5,1,0
BRDA:61,6,0,0
BRDA:61,6,1,0
BRDA:61,7,0,0
BRDA:61,7,1,0
BRDA:73,8,0,0
BRDA:73,8,1,0
BRDA:99,9,0,0
BRDA:99,9,1,0
BRDA:113,10,0,0
BRDA:113,10,1,0
BRDA:121,11,0,0
BRDA:124,12,0,0
BRDA:124,12,1,0
BRDA:125,13,0,0
BRDA:125,13,1,0
BRDA:129,14,0,0
BRDA:129,14,1,0
BRDA:133,15,0,0
BRDA:133,15,1,0
BRDA:133,15,2,0
BRDA:232,16,0,0
BRDA:232,16,1,0
BRDA:246,17,0,0
BRDA:246,17,1,0
BRDA:254,18,0,0
BRDA:257,19,0,0
BRDA:257,19,1,0
BRDA:258,20,0,0
BRDA:258,20,1,0
BRDA:262,21,0,0
BRDA:262,21,1,0
BRDA:266,22,0,0
BRDA:266,22,1,0
BRDA:266,22,2,0
BRDA:348,23,0,0
BRDA:348,23,1,0
BRDA:372,24,0,0
BRDA:372,24,1,0
BRDA:384,25,0,0
BRDA:384,25,1,0
BRDA:395,26,0,0
BRDA:395,26,1,0
BRDA:396,27,0,0
BRDA:396,27,1,0
BRDA:503,28,0,0
BRDA:503,28,1,0
BRDA:517,29,0,0
BRDA:517,29,1,0
BRDA:528,30,0,0
BRDA:528,30,1,0
BRDA:529,31,0,0
BRDA:529,31,1,0
BRDA:534,32,0,0
BRDA:534,32,1,0
BRDA:534,32,2,0
BRDA:556,33,0,0
BRDA:556,33,1,0
BRDA:560,34,0,0
BRDA:560,34,1,0
BRDA:576,35,0,0
BRDA:576,35,1,0
BRF:73
BRH:0
end_of_record
TN:
SF:routes/appointments.js
FN:18,(anonymous_0)
FN:89,(anonymous_1)
FN:129,(anonymous_2)
FN:179,(anonymous_3)
FN:270,(anonymous_4)
FN:309,(anonymous_5)
FN:343,(anonymous_6)
FN:413,(anonymous_7)
FNF:8
FNH:0
FNDA:0,(anonymous_0)
FNDA:0,(anonymous_1)
FNDA:0,(anonymous_2)
FNDA:0,(anonymous_3)
FNDA:0,(anonymous_4)
FNDA:0,(anonymous_5)
FNDA:0,(anonymous_6)
FNDA:0,(anonymous_7)
DA:1,0
DA:2,0
DA:3,0
DA:4,0
DA:5,0
DA:6,0
DA:7,0
DA:8,0
DA:11,0
DA:19,0
DA:20,0
DA:21,0
DA:22,0
DA:29,0
DA:30,0
DA:31,0
DA:34,0
DA:36,0
DA:37,0
DA:38,0
DA:39,0
DA:43,0
DA:44,0
DA:45,0
DA:46,0
DA:47,0
DA:48,0
DA:50,0
DA:51,0
DA:53,0
DA:61,0
DA:63,0
DA:77,0
DA:78,0
DA:87,0
DA:90,0
DA:91,0
DA:92,0
DA:93,0
DA:100,0
DA:101,0
DA:103,0
DA:104,0
DA:105,0
DA:112,0
DA:119,0
DA:120,0
DA:121,0
DA:122,0
DA:124,0
DA:125,0
DA:126,0
DA:129,0
DA:130,0
DA:131,0
DA:132,0
DA:134,0
DA:135,0
DA:136,0
DA:138,0
DA:141,0
DA:142,0
DA:147,0
DA:161,0
DA:162,0
DA:171,0
DA:180,0
DA:181,0
DA:182,0
DA:183,0
DA:190,0
DA:193,0
DA:194,0
DA:195,0
DA:202,0
DA:203,0
DA:204,0
DA:211,0
DA:218,0
DA:219,0
DA:226,0
DA:241,0
DA:244,0
DA:245,0
DA:246,0
DA:248,0
DA:255,0
DA:256,0
DA:265,0
DA:271,0
DA:272,0
DA:273,0
DA:274,0
DA:281,0
DA:282,0
DA:285,0
DA:286,0
DA:287,0
DA:294,0
DA:295,0
DA:301,0
DA:302,0
DA:309,0
DA:310,0
DA:311,0
DA:313,0
DA:317,0
DA:320,0
DA:321,0
DA:322,0
DA:324,0
DA:331,0
DA:332,0
DA:341,0
DA:344,0
DA:345,0
DA:346,0
DA:347,0
DA:354,0
DA:355,0
DA:357,0
DA:358,0
DA:359,0
DA:366,0
DA:367,0
DA:373,0
DA:374,0
DA:381,0
DA:382,0
DA:389,0
DA:390,0
DA:391,0
DA:394,0
DA:396,0
DA:403,0
DA:404,0
DA:413,0
DA:414,0
DA:415,0
DA:417,0
DA:422,0
DA:423,0
DA:430,0
DA:431,0
DA:437,0
DA:438,0
DA:444,0
DA:450,0
DA:451,0
DA:459,0
LF:150
LH:0
BRDA:21,0,0,0
BRDA:21,0,1,0
BRDA:29,1,0,0
BRDA:29,1,1,0
BRDA:30,2,0,0
BRDA:30,2,1,0
BRDA:36,3,0,0
BRDA:36,3,1,0
BRDA:38,4,0,0
BRDA:38,4,1,0
BRDA:43,5,0,0
BRDA:43,5,1,0
BRDA:44,6,0,0
BRDA:44,6,1,0
BRDA:50,7,0,0
BRDA:50,7,1,0
BRDA:51,8,0,0
BRDA:51,8,1,0
BRDA:81,9,0,0
BRDA:81,9,1,0
BRDA:92,10,0,0
BRDA:92,10,1,0
BRDA:104,11,0,0
BRDA:104,11,1,0
BRDA:138,12,0,0
BRDA:138,12,1,0
BRDA:141,13,0,0
BRDA:141,13,1,0
BRDA:165,14,0,0
BRDA:165,14,1,0
BRDA:182,15,0,0
BRDA:182,15,1,0
BRDA:190,16,0,0
BRDA:190,17,0,0
BRDA:194,18,0,0
BRDA:194,18,1,0
BRDA:194,19,0,0
BRDA:194,19,1,0
BRDA:203,20,0,0
BRDA:203,20,1,0
BRDA:218,21,0,0
BRDA:218,21,1,0
BRDA:259,22,0,0
BRDA:259,22,1,0
BRDA:273,23,0,0
BRDA:273,23,1,0
BRDA:286,24,0,0
BRDA:286,24,1,0
BRDA:294,25,0,0
BRDA:294,25,1,0
BRDA:294,26,0,0
BRDA:294,26,1,0
BRDA:301,27,0,0
BRDA:301,27,1,0
BRDA:301,28,0,0
BRDA:301,28,1,0
BRDA:310,29,0,0
BRDA:310,29,1,0
BRDA:335,30,0,0
BRDA:335,30,1,0
BRDA:346,31,0,0
BRDA:346,31,1,0
BRDA:358,32,0,0
BRDA:358,32,1,0
BRDA:366,33,0,0
BRDA:366,33,1,0
BRDA:366,34,0,0
BRDA:366,34,1,0
BRDA:373,35,0,0
BRDA:373,35,1,0
BRDA:389,36,0,0
BRDA:389,36,1,0
BRDA:407,37,0,0
BRDA:407,37,1,0
BRDA:422,38,0,0
BRDA:422,38,1,0
BRDA:430,39,0,0
BRDA:430,39,1,0
BRDA:430,40,0,0
BRDA:430,40,1,0
BRDA:437,41,0,0
BRDA:437,41,1,0
BRDA:437,42,0,0
BRDA:437,42,1,0
BRDA:454,43,0,0
BRDA:454,43,1,0
BRF:86
BRH:0
end_of_record
TN:
SF:routes/auth.js
FN:18,(anonymous_0)
FN:116,(anonymous_1)
FN:185,(anonymous_2)
FN:194,(anonymous_3)
FN:224,(anonymous_4)
FN:272,(anonymous_5)
FN:322,(anonymous_6)
FNF:7
FNH:0
FNDA:0,(anonymous_0)
FNDA:0,(anonymous_1)
FNDA:0,(anonymous_2)
FNDA:0,(anonymous_3)
FNDA:0,(anonymous_4)
FNDA:0,(anonymous_5)
FNDA:0,(anonymous_6)
DA:1,0
DA:2,0
DA:3,0
DA:4,0
DA:5,0
DA:6,0
DA:7,0
DA:8,0
DA:9,0
DA:12,0
DA:19,0
DA:20,0
DA:21,0
DA:22,0
DA:29,0
DA:32,0
DA:36,0
DA:37,0
DA:45,0
DA:55,0
DA:57,0
DA:62,0
DA:64,0
DA:69,0
DA:71,0
DA:76,0
DA:78,0
DA:81,0
DA:84,0
DA:87,0
DA:93,0
DA:103,0
DA:104,0
DA:113,0
DA:117,0
DA:118,0
DA:119,0
DA:120,0
DA:127,0
DA:130,0
DA:131,0
DA:132,0
DA:139,0
DA:140,0
DA:147,0
DA:148,0
DA:149,0
DA:156,0
DA:159,0
DA:165,0
DA:175,0
DA:176,0
DA:185,0
DA:186,0
DA:187,0
DA:194,0
DA:195,0
DA:196,0
DA:197,0
DA:198,0
DA:204,0
DA:210,0
DA:211,0
DA:220,0
DA:225,0
DA:226,0
DA:227,0
DA:228,0
DA:235,0
DA:236,0
DA:237,0
DA:239,0
DA:245,0
DA:246,0
DA:252,0
DA:259,0
DA:260,0
DA:269,0
DA:273,0
DA:274,0
DA:275,0
DA:276,0
DA:283,0
DA:285,0
DA:286,0
DA:287,0
DA:294,0
DA:295,0
DA:296,0
DA:303,0
DA:304,0
DA:306,0
DA:312,0
DA:313,0
DA:322,0
DA:323,0
DA:330,0
LF:97
LH:0
BRDA:21,0,0,0
BRDA:21,0,1,0
BRDA:36,1,0,0
BRDA:36,1,1,0
BRDA:55,2,0,0
BRDA:55,2,1,0
BRDA:55,2,2,0
BRDA:55,2,3,0
BRDA:107,3,0,0
BRDA:107,3,1,0
BRDA:119,4,0,0
BRDA:119,4,1,0
BRDA:131,5,0,0
BRDA:131,5,1,0
BRDA:139,6,0,0
BRDA:139,6,1,0
BRDA:148,7,0,0
BRDA:148,7,1,0
BRDA:179,8,0,0
BRDA:179,8,1,0
BRDA:197,9,0,0
BRDA:197,9,1,0
BRDA:214,10,0,0
BRDA:214,10,1,0
BRDA:227,11,0,0
BRDA:227,11,1,0
BRDA:245,12,0,0
BRDA:245,12,1,0
BRDA:263,13,0,0
BRDA:263,13,1,0
BRDA:275,14,0,0
BRDA:275,14,1,0
BRDA:286,15,0,0
BRDA:286,15,1,0
BRDA:295,16,0,0
BRDA:295,16,1,0
BRDA:316,17,0,0
BRDA:316,17,1,0
BRF:38
BRH:0
end_of_record
TN:
SF:routes/hospitals.js
FN:16,(anonymous_0)
FN:68,(anonymous_1)
FN:99,(anonymous_2)
FN:169,(anonymous_3)
FN:205,(anonymous_4)
FN:249,(anonymous_5)
FNF:6
FNH:0
FNDA:0,(anonymous_0)
FNDA:0,(anonymous_1)
FNDA:0,(anonymous_2)
FNDA:0,(anonymous_3)
FNDA:0,(anonymous_4)
FNDA:0,(anonymous_5)
DA:1,0
DA:2,0
DA:3,0
DA:4,0
DA:5,0
DA:6,0
DA:7,0
DA:10,0
DA:17,0
DA:18,0
DA:19,0
DA:20,0
DA:27,0
DA:28,0
DA:29,0
DA:32,0
DA:33,0
DA:34,0
DA:35,0
DA:37,0
DA:42,0
DA:44,0
DA:58,0
DA:59,0
DA:68,0
DA:69,0
DA:70,0
DA:72,0
DA:73,0
DA:74,0
DA:80,0
DA:86,0
DA:87,0
DA:96,0
DA:100,0
DA:101,0
DA:102,0
DA:103,0
DA:110,0
DA:111,0
DA:114,0
DA:115,0
DA:116,0
DA:123,0
DA:128,0
DA:129,0
DA:131,0
DA:135,0
DA:149,0
DA:150,0
DA:159,0
DA:170,0
DA:171,0
DA:172,0
DA:173,0
DA:180,0
DA:181,0
DA:182,0
DA:184,0
DA:191,0
DA:192,0
DA:201,0
DA:206,0
DA:207,0
DA:208,0
DA:209,0
DA:216,0
DA:217,0
DA:219,0
DA:225,0
DA:226,0
DA:232,0
DA:239,0
DA:240,0
DA:249,0
DA:250,0
DA:251,0
DA:256,0
DA:262,0
DA:263,0
DA:271,0
LF:81
LH:0
BRDA:19,0,0,0
BRDA:19,0,1,0
BRDA:27,1,0,0
BRDA:27,1,1,0
BRDA:28,2,0,0
BRDA:28,2,1,0
BRDA:33,3,0,0
BRDA:33,3,1,0
BRDA:34,4,0,0
BRDA:34,4,1,0
BRDA:35,5,0,0
BRDA:35,5,1,0
BRDA:62,6,0,0
BRDA:62,6,1,0
BRDA:73,7,0,0
BRDA:73,7,1,0
BRDA:90,8,0,0
BRDA:90,8,1,0
BRDA:102,9,0,0
BRDA:102,9,1,0
BRDA:115,10,0,0
BRDA:115,10,1,0
BRDA:128,11,0,0
BRDA:128,11,1,0
BRDA:129,12,0,0
BRDA:129,12,1,0
BRDA:153,13,0,0
BRDA:153,13,1,0
BRDA:172,14,0,0
BRDA:172,14,1,0
BRDA:195,15,0,0
BRDA:195,15,1,0
BRDA:208,16,0,0
BRDA:208,16,1,0
BRDA:225,17,0,0
BRDA:225,17,1,0
BRDA:243,18,0,0
BRDA:243,18,1,0
BRDA:266,19,0,0
BRDA:266,19,1,0
BRF:40
BRH:0
end_of_record
TN:
SF:routes/index.js
FN:5,(anonymous_0)
FNF:1
FNH:0
FNDA:0,(anonymous_0)
DA:1,0
DA:2,0
DA:5,0
DA:6,0
DA:9,0
LF:5
LH:0
BRF:0
BRH:0
end_of_record
TN:
SF:routes/medicalRecords.js
FN:14,(anonymous_0)
FN:21,(anonymous_1)
FN:27,(anonymous_2)
FN:63,(anonymous_3)
FN:137,(anonymous_4)
FN:191,(anonymous_5)
FN:229,(anonymous_6)
FN:267,(anonymous_7)
FN:322,(anonymous_8)
FN:395,(anonymous_9)
FN:466,(anonymous_10)
FNF:11
FNH:0
FNDA:0,(anonymous_0)
FNDA:0,(anonymous_1)
FNDA:0,(anonymous_2)
FNDA:0,(anonymous_3)
FNDA:0,(anonymous_4)
FNDA:0,(anonymous_5)
FNDA:0,(anonymous_6)
FNDA:0,(anonymous_7)
FNDA:0,(anonymous_8)
FNDA:0,(anonymous_9)
FNDA:0,(anonymous_10)
DA:1,0
DA:2,0
DA:3,0
DA:4,0
DA:5,0
DA:6,0
DA:7,0
DA:8,0
DA:10,0
DA:13,0
DA:15,0
DA:16,0
DA:17,0
DA:19,0
DA:22,0
DA:23,0
DA:27,0
DA:29,0
DA:40,0
DA:41,0
DA:43,0
DA:47,0
DA:56,0
DA:64,0
DA:65,0
DA:66,0
DA:67,0
DA:74,0
DA:75,0
DA:76,0
DA:79,0
DA:81,0
DA:82,0
DA:83,0
DA:84,0
DA:88,0
DA:89,0
DA:90,0
DA:91,0
DA:92,0
DA:93,0
DA:96,0
DA:105,0
DA:107,0
DA:121,0
DA:122,0
DA:131,0
DA:138,0
DA:139,0
DA:140,0
DA:141,0
DA:148,0
DA:149,0
DA:156,0
DA:157,0
DA:160,0
DA:164,0
DA:167,0
DA:168,0
DA:169,0
DA:171,0
DA:178,0
DA:179,0
DA:188,0
DA:192,0
DA:193,0
DA:194,0
DA:195,0
DA:202,0
DA:203,0
DA:205,0
DA:206,0
DA:207,0
DA:214,0
DA:215,0
DA:221,0
DA:222,0
DA:229,0
DA:230,0
DA:231,0
DA:233,0
DA:238,0
DA:243,0
DA:246,0
DA:247,0
DA:248,0
DA:250,0
DA:257,0
DA:258,0
DA:267,0
DA:268,0
DA:269,0
DA:271,0
DA:277,0
DA:278,0
DA:285,0
DA:286,0
DA:292,0
DA:293,0
DA:300,0
DA:304,0
DA:306,0
DA:312,0
DA:313,0
DA:322,0
DA:323,0
DA:324,0
DA:326,0
DA:327,0
DA:333,0
DA:334,0
DA:335,0
DA:342,0
DA:343,0
DA:349,0
DA:350,0
DA:357,0
DA:366,0
DA:369,0
DA:374,0
DA:376,0
DA:383,0
DA:384,0
DA:393,0
DA:396,0
DA:397,0
DA:398,0
DA:399,0
DA:406,0
DA:407,0
DA:409,0
DA:410,0
DA:411,0
DA:418,0
DA:419,0
DA:425,0
DA:426,0
DA:433,0
DA:439,0
DA:442,0
DA:447,0
DA:449,0
DA:456,0
DA:457,0
DA:466,0
DA:467,0
DA:468,0
DA:470,0
DA:471,0
DA:472,0
DA:479,0
DA:480,0
DA:487,0
DA:490,0
DA:495,0
DA:497,0
DA:503,0
DA:504,0
DA:512,0
LF:159
LH:0
BRDA:16,0,0,0
BRDA:16,0,1,0
BRDA:40,1,0,0
BRDA:40,1,1,0
BRDA:66,2,0,0
BRDA:66,2,1,0
BRDA:74,3,0,0
BRDA:74,3,1,0
BRDA:75,4,0,0
BRDA:75,4,1,0
BRDA:81,5,0,0
BRDA:81,5,1,0
BRDA:83,6,0,0
BRDA:83,6,1,0
BRDA:88,7,0,0
BRDA:88,7,1,0
BRDA:89,8,0,0
BRDA:89,8,1,0
BRDA:90,9,0,0
BRDA:90,9,1,0
BRDA:90,10,0,0
BRDA:90,10,1,0
BRDA:92,11,0,0
BRDA:92,11,1,0
BRDA:93,12,0,0
BRDA:93,12,1,0
BRDA:125,13,0,0
BRDA:125,13,1,0
BRDA:140,14,0,0
BRDA:140,14,1,0
BRDA:153,15,0,0
BRDA:153,15,1,0
BRDA:182,16,0,0
BRDA:182,16,1,0
BRDA:194,17,0,0
BRDA:194,17,1,0
BRDA:206,18,0,0
BRDA:206,18,1,0
BRDA:214,19,0,0
BRDA:214,19,1,0
BRDA:214,20,0,0
BRDA:214,20,1,0
BRDA:221,21,0,0
BRDA:221,21,1,0
BRDA:221,22,0,0
BRDA:221,22,1,0
BRDA:230,23,0,0
BRDA:230,23,1,0
BRDA:261,24,0,0
BRDA:261,24,1,0
BRDA:277,25,0,0
BRDA:277,25,1,0
BRDA:285,26,0,0
BRDA:285,26,1,0
BRDA:285,27,0,0
BRDA:285,27,1,0
BRDA:292,28,0,0
BRDA:292,28,1,0
BRDA:292,29,0,0
BRDA:292,29,1,0
BRDA:316,30,0,0
BRDA:316,30,1,0
BRDA:326,31,0,0
BRDA:326,31,1,0
BRDA:334,32,0,0
BRDA:334,32,1,0
BRDA:342,33,0,0
BRDA:342,33,1,0
BRDA:342,34,0,0
BRDA:342,34,1,0
BRDA:349,35,0,0
BRDA:349,35,1,0
BRDA:349,36,0,0
BRDA:349,36,1,0
BRDA:387,37,0,0
BRDA:387,37,1,0
BRDA:398,38,0,0
BRDA:398,38,1,0
BRDA:410,39,0,0
BRDA:410,39,1,0
BRDA:418,40,0,0
BRDA:418,40,1,0
BRDA:418,41,0,0
BRDA:418,41,1,0
BRDA:425,42,0,0
BRDA:425,42,1,0
BRDA:425,43,0,0
BRDA:425,43,1,0
BRDA:460,44,0,0
BRDA:460,44,1,0
BRDA:471,45,0,0
BRDA:471,45,1,0
BRDA:479,46,0,0
BRDA:479,46,1,0
BRDA:479,47,0,0
BRDA:479,47,1,0
BRDA:507,48,0,0
BRDA:507,48,1,0
BRF:98
BRH:0
end_of_record
TN:
SF:routes/payments.js
FN:10,(anonymous_0)
FN:12,(anonymous_1)
FN:41,(anonymous_2)
FN:111,(anonymous_3)
FN:225,(anonymous_4)
FN:247,(anonymous_5)
FN:278,(anonymous_6)
FN:320,(anonymous_7)
FN:401,(anonymous_8)
FNF:9
FNH:0
FNDA:0,(anonymous_0)
FNDA:0,(anonymous_1)
FNDA:0,(anonymous_2)
FNDA:0,(anonymous_3)
FNDA:0,(anonymous_4)
FNDA:0,(anonymous_5)
FNDA:0,(anonymous_6)
FNDA:0,(anonymous_7)
FNDA:0,(anonymous_8)
DA:1,0
DA:2,0
DA:3,0
DA:4,0
DA:5,0
DA:6,0
DA:7,0
DA:10,0
DA:12,0
DA:15,0
DA:17,0
DA:18,0
DA:25,0
DA:35,0
DA:42,0
DA:43,0
DA:44,0
DA:45,0
DA:52,0
DA:53,0
DA:54,0
DA:57,0
DA:59,0
DA:60,0
DA:64,0
DA:65,0
DA:66,0
DA:68,0
DA:76,0
DA:78,0
DA:92,0
DA:93,0
DA:102,0
DA:112,0
DA:113,0
DA:114,0
DA:115,0
DA:122,0
DA:124,0
DA:125,0
DA:128,0
DA:141,0
DA:144,0
DA:146,0
DA:147,0
DA:148,0
DA:150,0
DA:151,0
DA:152,0
DA:154,0
DA:157,0
DA:158,0
DA:160,0
DA:162,0
DA:163,0
DA:164,0
DA:172,0
DA:173,0
DA:182,0
DA:185,0
DA:186,0
DA:187,0
DA:188,0
DA:189,0
DA:190,0
DA:191,0
DA:193,0
DA:194,0
DA:195,0
DA:197,0
DA:202,0
DA:203,0
DA:204,0
DA:206,0
DA:213,0
DA:214,0
DA:223,0
DA:226,0
DA:227,0
DA:228,0
DA:229,0
DA:236,0
DA:237,0
DA:239,0
DA:240,0
DA:241,0
DA:247,0
DA:248,0
DA:251,0
DA:252,0
DA:255,0
DA:257,0
DA:258,0
DA:259,0
DA:261,0
DA:268,0
DA:269,0
DA:278,0
DA:279,0
DA:280,0
DA:282,0
DA:287,0
DA:288,0
DA:295,0
DA:296,0
DA:302,0
DA:308,0
DA:309,0
DA:318,0
DA:321,0
DA:322,0
DA:323,0
DA:324,0
DA:331,0
DA:332,0
DA:334,0
DA:339,0
DA:340,0
DA:347,0
DA:348,0
DA:355,0
DA:356,0
DA:357,0
DA:358,0
DA:359,0
DA:360,0
DA:364,0
DA:380,0
DA:387,0
DA:388,0
DA:397,0
DA:402,0
DA:403,0
DA:404,0
DA:405,0
DA:412,0
DA:413,0
DA:415,0
DA:416,0
DA:417,0
DA:423,0
DA:424,0
DA:430,0
DA:431,0
DA:438,0
DA:446,0
DA:447,0
DA:449,0
DA:452,0
DA:454,0
DA:461,0
DA:462,0
DA:470,0
LF:153
LH:0
BRDA:17,0,0,0
BRDA:17,0,1,0
BRDA:44,1,0,0
BRDA:44,1,1,0
BRDA:52,2,0,0
BRDA:52,2,1,0
BRDA:53,3,0,0
BRDA:53,3,1,0
BRDA:59,4,0,0
BRDA:59,4,1,0
BRDA:64,5,0,0
BRDA:64,5,1,0
BRDA:65,6,0,0
BRDA:65,6,1,0
BRDA:66,7,0,0
BRDA:66,7,1,0
BRDA:96,8,0,0
BRDA:96,8,1,0
BRDA:114,9,0,0
BRDA:114,9,1,0
BRDA:125,10,0,0
BRDA:125,10,1,0
BRDA:144,11,0,0
BRDA:144,11,1,0
BRDA:148,12,0,0
BRDA:148,12,1,0
BRDA:152,13,0,0
BRDA:152,13,1,0
BRDA:162,14,0,0
BRDA:162,14,1,0
BRDA:185,15,0,0
BRDA:185,15,1,0
BRDA:187,16,0,0
BRDA:187,16,1,0
BRDA:188,17,0,0
BRDA:188,17,1,0
BRDA:190,18,0,0
BRDA:190,18,1,0
BRDA:194,19,0,0
BRDA:194,19,1,0
BRDA:208,20,0,0
BRDA:208,20,1,0
BRDA:217,21,0,0
BRDA:217,21,1,0
BRDA:228,22,0,0
BRDA:228,22,1,0
BRDA:240,23,0,0
BRDA:240,23,1,0
BRDA:251,24,0,0
BRDA:251,24,1,0
BRDA:272,25,0,0
BRDA:272,25,1,0
BRDA:287,26,0,0
BRDA:287,26,1,0
BRDA:295,27,0,0
BRDA:295,27,1,0
BRDA:295,28,0,0
BRDA:295,28,1,0
BRDA:312,29,0,0
BRDA:312,29,1,0
BRDA:323,30,0,0
BRDA:323,30,1,0
BRDA:332,31,0,0
BRDA:339,32,0,0
BRDA:339,32,1,0
BRDA:347,33,0,0
BRDA:347,33,1,0
BRDA:347,34,0,0
BRDA:347,34,1,0
BRDA:355,35,0,0
BRDA:355,35,1,0
BRDA:391,36,0,0
BRDA:391,36,1,0
BRDA:404,37,0,0
BRDA:404,37,1,0
BRDA:416,38,0,0
BRDA:416,38,1,0
BRDA:423,39,0,0
BRDA:423,39,1,0
BRDA:430,40,0,0
BRDA:430,40,1,0
BRDA:446,41,0,0
BRDA:446,41,1,0
BRDA:465,42,0,0
BRDA:465,42,1,0
BRF:85
BRH:0
end_of_record
TN:
SF:routes/users.js
FN:12,(anonymous_0)
FN:56,(anonymous_1)
FN:75,(anonymous_2)
FN:112,(anonymous_3)
FN:165,(anonymous_4)
FN:195,(anonymous_5)
FNF:6
FNH:0
FNDA:0,(anonymous_0)
FNDA:0,(anonymous_1)
FNDA:0,(anonymous_2)
FNDA:0,(anonymous_3)
FNDA:0,(anonymous_4)
FNDA:0,(anonymous_5)
DA:1,0
DA:2,0
DA:3,0
DA:4,0
DA:5,0
DA:6,0
DA:7,0
DA:8,0
DA:9,0
DA:12,0
DA:13,0
DA:21,0
DA:23,0
DA:24,0
DA:26,0
DA:27,0
DA:28,0
DA:30,0
DA:31,0
DA:32,0
DA:39,0
DA:41,0
DA:51,0
DA:53,0
DA:56,0
DA:66,0
DA:67,0
DA:75,0
DA:76,0
DA:77,0
DA:78,0
DA:79,0
DA:82,0
DA:83,0
DA:84,0
DA:87,0
DA:88,0
DA:90,0
DA:91,0
DA:96,0
DA:113,0
DA:114,0
DA:115,0
DA:116,0
DA:119,0
DA:122,0
DA:123,0
DA:124,0
DA:128,0
DA:130,0
DA:131,0
DA:132,0
DA:134,0
DA:135,0
DA:136,0
DA:138,0
DA:139,0
DA:140,0
DA:142,0
DA:143,0
DA:144,0
DA:146,0
DA:147,0
DA:150,0
DA:151,0
DA:153,0
DA:154,0
DA:160,0
DA:166,0
DA:167,0
DA:168,0
DA:169,0
DA:172,0
DA:173,0
DA:174,0
DA:176,0
DA:177,0
DA:178,0
DA:181,0
DA:183,0
DA:184,0
DA:190,0
DA:196,0
DA:197,0
DA:198,0
DA:199,0
DA:202,0
DA:203,0
DA:204,0
DA:207,0
DA:209,0
DA:210,0
DA:215,0
LF:93
LH:0
BRDA:17,0,0,0
BRDA:18,1,0,0
BRDA:19,2,0,0
BRDA:20,3,0,0
BRDA:23,4,0,0
BRDA:23,4,1,0
BRDA:24,5,0,0
BRDA:24,5,1,0
BRDA:27,6,0,0
BRDA:27,6,1,0
BRDA:30,7,0,0
BRDA:30,7,1,0
BRDA:39,8,0,0
BRDA:39,8,1,0
BRDA:78,9,0,0
BRDA:78,9,1,0
BRDA:83,10,0,0
BRDA:83,10,1,0
BRDA:115,11,0,0
BRDA:115,11,1,0
BRDA:123,12,0,0
BRDA:123,12,1,0
BRDA:128,13,0,0
BRDA:128,13,1,0
BRDA:128,13,2,0
BRDA:128,13,3,0
BRDA:128,13,4,0
BRDA:168,14,0,0
BRDA:168,14,1,0
BRDA:177,15,0,0
BRDA:177,15,1,0
BRDA:198,16,0,0
BRDA:198,16,1,0
BRDA:203,17,0,0
BRDA:203,17,1,0
BRF:35
BRH:0
end_of_record
TN:
SF:services/emailService.js
FN:4,(anonymous_0)
FN:16,(anonymous_1)
FN:43,(anonymous_2)
FN:66,(anonymous_3)
FN:90,(anonymous_4)
FN:121,(anonymous_5)
FN:143,(anonymous_6)
FN:148,(anonymous_7)
FN:153,(anonymous_8)
FN:158,(anonymous_9)
FN:163,(anonymous_10)
FNF:11
FNH:0
FNDA:0,(anonymous_0)
FNDA:0,(anonymous_1)
FNDA:0,(anonymous_2)
FNDA:0,(anonymous_3)
FNDA:0,(anonymous_4)
FNDA:0,(anonymous_5)
FNDA:0,(anonymous_6)
FNDA:0,(anonymous_7)
FNDA:0,(anonymous_8)
FNDA:0,(anonymous_9)
FNDA:0,(anonymous_10)
DA:1,0
DA:4,0
DA:5,0
DA:15,0
DA:16,0
DA:43,0
DA:66,0
DA:90,0
DA:121,0
DA:122,0
DA:123,0
DA:124,0
DA:126,0
DA:133,0
DA:134,0
DA:135,0
DA:137,0
DA:138,0
DA:143,0
DA:144,0
DA:148,0
DA:149,0
DA:153,0
DA:154,0
DA:158,0
DA:159,0
DA:163,0
DA:164,0
DA:165,0
DA:166,0
DA:167,0
DA:169,0
DA:172,0
LF:33
LH:0
BRDA:8,0,0,0
BRDA:8,0,1,0
BRDA:9,1,0,0
BRDA:9,1,1,0
BRDA:32,2,0,0
BRDA:32,2,1,0
BRDA:80,3,0,0
BRDA:80,3,1,0
BRDA:107,4,0,0
BRDA:107,4,1,0
BRDA:127,5,0,0
BRDA:127,5,1,0
BRF:12
BRH:0
end_of_record
TN:
SF:services/notificationService.js
FN:11,(anonymous_0)
FN:45,(anonymous_1)
FN:91,(anonymous_2)
FN:120,(anonymous_3)
FN:149,(anonymous_4)
FN:193,(anonymous_5)
FN:228,(anonymous_6)
FNF:7
FNH:0
FNDA:0,(anonymous_0)
FNDA:0,(anonymous_1)
FNDA:0,(anonymous_2)
FNDA:0,(anonymous_3)
FNDA:0,(anonymous_4)
FNDA:0,(anonymous_5)
FNDA:0,(anonymous_6)
DA:6,0
DA:7,0
DA:8,0
DA:11,0
DA:12,0
DA:13,0
DA:18,0
DA:19,0
DA:23,0
DA:26,0
DA:27,0
DA:28,0
DA:30,0
DA:36,0
DA:37,0
DA:45,0
DA:46,0
DA:47,0
DA:52,0
DA:53,0
DA:57,0
DA:58,0
DA:59,0
DA:61,0
DA:62,0
DA:69,0
DA:72,0
DA:73,0
DA:74,0
DA:76,0
DA:82,0
DA:83,0
DA:91,0
DA:92,0
DA:93,0
DA:98,0
DA:99,0
DA:103,0
DA:105,0
DA:111,0
DA:112,0
DA:120,0
DA:121,0
DA:122,0
DA:127,0
DA:128,0
DA:132,0
DA:134,0
DA:140,0
DA:141,0
DA:149,0
DA:150,0
DA:151,0
DA:152,0
DA:153,0
DA:154,0
DA:155,0
DA:156,0
DA:159,0
DA:167,0
DA:168,0
DA:169,0
DA:170,0
DA:177,0
DA:184,0
DA:185,0
DA:193,0
DA:194,0
DA:195,0
DA:200,0
DA:201,0
DA:206,0
DA:214,0
DA:219,0
DA:220,0
DA:228,0
DA:229,0
DA:230,0
DA:234,0
DA:235,0
DA:240,0
DA:247,0
DA:252,0
DA:253,0
DA:260,0
LF:85
LH:0
BRDA:18,0,0,0
BRDA:18,0,1,0
BRDA:52,1,0,0
BRDA:52,1,1,0
BRDA:61,2,0,0
BRDA:61,2,1,0
BRDA:98,3,0,0
BRDA:98,3,1,0
BRDA:127,4,0,0
BRDA:127,4,1,0
BRDA:200,5,0,0
BRDA:200,5,1,0
BRDA:234,6,0,0
BRDA:234,6,1,0
BRF:14
BRH:0
end_of_record
TN:
SF:services/scheduler.js
FN:5,(anonymous_0)
FN:6,(anonymous_1)
FN:21,(anonymous_2)
FN:22,(anonymous_3)
FN:34,(anonymous_4)
FN:35,(anonymous_5)
FN:47,(anonymous_6)
FNF:7
FNH:0
FNDA:0,(anonymous_0)
FNDA:0,(anonymous_1)
FNDA:0,(anonymous_2)
FNDA:0,(anonymous_3)
FNDA:0,(anonymous_4)
FNDA:0,(anonymous_5)
FNDA:0,(anonymous_6)
DA:1,0
DA:2,0
DA:5,0
DA:6,0
DA:7,0
DA:8,0
DA:9,0
DA:10,0
DA:12,0
DA:21,0
DA:22,0
DA:23,0
DA:26,0
DA:34,0
DA:35,0
DA:36,0
DA:39,0
DA:47,0
DA:48,0
DA:49,0
DA:50,0
DA:51,0
DA:52,0
DA:55,0
LF:24
LH:0
BRF:0
BRH:0
end_of_record
